#
# A fatal error has been detected by the Java Runtime Environment:
#
#  Internal Error (relocInfo_x86.cpp:110), pid=15964, tid=12728
#  Error: ShouldNotReachHere()
#
# JRE version: OpenJDK Runtime Environment Temurin-21.0.9+10 (21.0.9+10) (build 21.0.9+10-LTS)
# Java VM: OpenJDK 64-Bit Server VM Temurin-21.0.9+10 (21.0.9+10-LTS, mixed mode, sharing, tiered, compressed oops, compressed class ptrs, parallel gc, windows-amd64)
# No core dump will be written. Minidumps are not enabled by default on client versions of Windows
#
# If you would like to submit a bug report, please visit:
#   https://github.com/adoptium/adoptium-support/issues
#

---------------  S U M M A R Y ------------

Command Line: --add-modules=ALL-SYSTEM --add-opens=java.base/java.util=ALL-UNNAMED --add-opens=java.base/java.lang=ALL-UNNAMED --add-opens=java.base/sun.nio.fs=ALL-UNNAMED -Declipse.application=org.eclipse.jdt.ls.core.id1 -Dosgi.bundles.defaultStartLevel=4 -Declipse.product=org.eclipse.jdt.ls.core.product -Djava.import.generatesMetadataFilesAtProjectRoot=false -DDetectVMInstallationsJob.disabled=true -Dfile.encoding=utf8 -XX:+UseParallelGC -XX:GCTimeRatio=4 -XX:AdaptiveSizePolicyWeight=90 -Dsun.zip.disableMemoryMapping=true -Xmx2G -Xms100m -Xlog:disable -javaagent:c:\Users\mr chou\.cursor\extensions\redhat.java-1.50.0-win32-x64\lombok\lombok-1.18.39-4050.jar -XX:+HeapDumpOnOutOfMemoryError -XX:HeapDumpPath=c:\Users\mr chou\AppData\Roaming\Cursor\User\workspaceStorage\f03dff0f67f30d910e9c004cf14484c0\redhat.java -Daether.dependencyCollector.impl=bf c:\Users\mr chou\.cursor\extensions\redhat.java-1.50.0-win32-x64\server\plugins\org.eclipse.equinox.launcher_1.7.100.v20251111-0406.jar -configuration c:\Users\mr chou\AppData\Roaming\Cursor\User\globalStorage\redhat.java\1.50.0\config_win -data c:\Users\mr chou\AppData\Roaming\Cursor\User\workspaceStorage\f03dff0f67f30d910e9c004cf14484c0\redhat.java\jdt_ws --pipe=\\.\pipe\lsp-9f41a71d898f28de2a02715d610c419f-sock

Host: Intel(R) Core(TM) i5-6300U CPU @ 2.40GHz, 4 cores, 15G,  Windows 10 , 64 bit Build 19041 (10.0.19041.5915)
Time: Wed Dec 17 01:04:54 2025 GMT Standard Time elapsed time: 1.649094 seconds (0d 0h 0m 1s)

---------------  T H R E A D  ---------------

Current thread (0x00000290657556f0):  JavaThread "C1 CompilerThread0" daemon [_thread_in_vm, id=12728, stack(0x000000998e500000,0x000000998e600000) (1024K)]


Current CompileTask:
C1:1649 1679       3       sun.security.jca.GetInstance::getInstance (28 bytes)

Stack: [0x000000998e500000,0x000000998e600000]
Native frames: (J=compiled Java code, j=interpreted, Vv=VM code, C=native code)
V  [jvm.dll+0x6d6e29]
V  [jvm.dll+0x8b4b76]
V  [jvm.dll+0x8b712e]
V  [jvm.dll+0x8b77c7]
V  [jvm.dll+0x283d07]
V  [jvm.dll+0x283d2c]
V  [jvm.dll+0x283c80]
V  [jvm.dll+0x727bd7]
V  [jvm.dll+0x725720]
V  [jvm.dll+0x2338c4]
V  [jvm.dll+0x2318f7]
V  [jvm.dll+0x6a8783]
V  [jvm.dll+0x6abb51]
V  [jvm.dll+0x1ee490]
V  [jvm.dll+0x156f60]
V  [jvm.dll+0x15625c]
V  [jvm.dll+0x157fed]
V  [jvm.dll+0x25b29d]
V  [jvm.dll+0x25982a]
V  [jvm.dll+0x3f7ea6]
V  [jvm.dll+0x85e9ad]
V  [jvm.dll+0x6d565d]
C  [ucrtbase.dll+0x21bb2]
C  [KERNEL32.DLL+0x17374]
C  [ntdll.dll+0x4cc91]


---------------  P R O C E S S  ---------------

Threads class SMR info:
_java_thread_list=0x0000029066e12490, length=13, elements={
0x000002904cb948c0, 0x000002906571b230, 0x000002906571c0d0, 0x000002906571f200,
0x00000290657200a0, 0x0000029065720cf0, 0x00000290657279b0, 0x000002906574bf40,
0x00000290657556f0, 0x000002906658d870, 0x00000290665de7d0, 0x0000029066662cf0,
0x0000029066f89430
}

Java Threads: ( => current thread )
  0x000002904cb948c0 JavaThread "main"                              [_thread_blocked, id=1316, stack(0x000000998da00000,0x000000998db00000) (1024K)]
  0x000002906571b230 JavaThread "Reference Handler"          daemon [_thread_blocked, id=15780, stack(0x000000998de00000,0x000000998df00000) (1024K)]
  0x000002906571c0d0 JavaThread "Finalizer"                  daemon [_thread_blocked, id=14056, stack(0x000000998df00000,0x000000998e000000) (1024K)]
  0x000002906571f200 JavaThread "Signal Dispatcher"          daemon [_thread_blocked, id=12400, stack(0x000000998e000000,0x000000998e100000) (1024K)]
  0x00000290657200a0 JavaThread "Attach Listener"            daemon [_thread_blocked, id=14824, stack(0x000000998e100000,0x000000998e200000) (1024K)]
  0x0000029065720cf0 JavaThread "Service Thread"             daemon [_thread_blocked, id=9372, stack(0x000000998e200000,0x000000998e300000) (1024K)]
  0x00000290657279b0 JavaThread "Monitor Deflation Thread"   daemon [_thread_blocked, id=11404, stack(0x000000998e300000,0x000000998e400000) (1024K)]
  0x000002906574bf40 JavaThread "C2 CompilerThread0"         daemon [_thread_blocked, id=4184, stack(0x000000998e400000,0x000000998e500000) (1024K)]
=>0x00000290657556f0 JavaThread "C1 CompilerThread0"         daemon [_thread_in_vm, id=12728, stack(0x000000998e500000,0x000000998e600000) (1024K)]
  0x000002906658d870 JavaThread "Common-Cleaner"             daemon [_thread_blocked, id=14064, stack(0x000000998e600000,0x000000998e700000) (1024K)]
  0x00000290665de7d0 JavaThread "C2 CompilerThread1"         daemon [_thread_blocked, id=120, stack(0x000000998e700000,0x000000998e800000) (1024K)]
  0x0000029066662cf0 JavaThread "Notification Thread"        daemon [_thread_blocked, id=15808, stack(0x000000998e800000,0x000000998e900000) (1024K)]
  0x0000029066f89430 JavaThread "Active Thread: Equinox Container: 30a709d4-2ca3-4141-b68b-d42c5e24c5f4"        [_thread_blocked, id=13932, stack(0x000000998ec00000,0x000000998ed00000) (1024K)]
Total: 13

Other Threads:
  0x00000290656fdeb0 VMThread "VM Thread"                           [id=12588, stack(0x000000998dd00000,0x000000998de00000) (1024K)]
  0x000002904edf84b0 WatcherThread "VM Periodic Task Thread"        [id=16012, stack(0x000000998dc00000,0x000000998dd00000) (1024K)]
  0x000002904ed4f8b0 WorkerThread "GC Thread#0"                     [id=12000, stack(0x000000998db00000,0x000000998dc00000) (1024K)]
  0x0000029066f70300 WorkerThread "GC Thread#1"                     [id=8116, stack(0x000000998e900000,0x000000998ea00000) (1024K)]
  0x0000029066f706a0 WorkerThread "GC Thread#2"                     [id=14008, stack(0x000000998ea00000,0x000000998eb00000) (1024K)]
  0x0000029066f70a40 WorkerThread "GC Thread#3"                     [id=9532, stack(0x000000998eb00000,0x000000998ec00000) (1024K)]
Total: 6

Threads with active compile tasks:
C1 CompilerThread0  1684 1679       3       sun.security.jca.GetInstance::getInstance (28 bytes)
Total: 1

VM state: not at safepoint (normal execution)

VM Mutex/Monitor currently owned by a thread:  ([mutex/lock_event])
[0x00007ffc2733c070] MethodCompileQueue_lock - owner thread: 0x00000290657556f0
[0x00007ffc2733d470] CodeCache_lock - owner thread: 0x00000290657556f0
[0x00007ffc2733d5f0] Compile_lock - owner thread: 0x00000290657556f0

Heap address: 0x0000000080000000, size: 2048 MB, Compressed Oops mode: 32-bit

CDS archive(s) mapped at: [0x0000029000000000-0x0000029000ba0000-0x0000029000ba0000), size 12189696, SharedBaseAddress: 0x0000029000000000, ArchiveRelocationMode: 1.
Compressed class space mapped at: 0x0000029001000000-0x0000029041000000, reserved size: 1073741824
Narrow klass base: 0x0000029000000000, Narrow klass shift: 0, Narrow klass range: 0x100000000

GC Precious Log:
 CardTable entry size: 512
 CPUs: 4 total, 4 available
 Memory: 16229M
 Large Page Support: Disabled
 NUMA Support: Disabled
 Compressed Oops: Enabled (32-bit)
 Alignments: Space 512K, Generation 512K, Heap 2M
 Heap Min Capacity: 100M
 Heap Initial Capacity: 100M
 Heap Max Capacity: 2G
 Pre-touch: Disabled
 Parallel Workers: 4

Heap:
 PSYoungGen      total 29696K, used 24532K [0x00000000d5580000, 0x00000000d7680000, 0x0000000100000000)
  eden space 25600K, 82% used [0x00000000d5580000,0x00000000d6a3f420,0x00000000d6e80000)
  from space 4096K, 80% used [0x00000000d6e80000,0x00000000d71b5ea8,0x00000000d7280000)
  to   space 4096K, 0% used [0x00000000d7280000,0x00000000d7280000,0x00000000d7680000)
 ParOldGen       total 68608K, used 16K [0x0000000080000000, 0x0000000084300000, 0x00000000d5580000)
  object space 68608K, 0% used [0x0000000080000000,0x0000000080004000,0x0000000084300000)
 Metaspace       used 7586K, committed 7808K, reserved 1114112K
  class space    used 791K, committed 896K, reserved 1048576K

Card table byte_map: [0x000002904e700000,0x000002904eb10000] _byte_map_base: 0x000002904e300000

Marking Bits: (ParMarkBitMap*) 0x00007ffc27342460
 Begin Bits: [0x00000290611f0000, 0x00000290631f0000)
 End Bits:   [0x00000290631f0000, 0x00000290651f0000)

Polling page: 0x000002904cb50000

Metaspace:

Usage:
  Non-class:      6.64 MB used.
      Class:    791.25 KB used.
       Both:      7.41 MB used.

Virtual space:
  Non-class space:       64.00 MB reserved,       6.75 MB ( 11%) committed,  1 nodes.
      Class space:        1.00 GB reserved,     896.00 KB ( <1%) committed,  1 nodes.
             Both:        1.06 GB reserved,       7.62 MB ( <1%) committed. 

Chunk freelists:
   Non-Class:  9.06 MB
       Class:  14.94 MB
        Both:  24.00 MB

MaxMetaspaceSize: unlimited
CompressedClassSpaceSize: 1.00 GB
Initial GC threshold: 21.00 MB
Current GC threshold: 21.00 MB
CDS: on
 - commit_granule_bytes: 65536.
 - commit_granule_words: 8192.
 - virtual_space_node_default_size: 8388608.
 - enlarge_chunks_in_place: 1.
 - use_allocation_guard: 0.


Internal statistics:

num_allocs_failed_limit: 0.
num_arena_births: 228.
num_arena_deaths: 0.
num_vsnodes_births: 2.
num_vsnodes_deaths: 0.
num_space_committed: 122.
num_space_uncommitted: 0.
num_chunks_returned_to_freelist: 0.
num_chunks_taken_from_freelist: 402.
num_chunk_merges: 0.
num_chunk_splits: 261.
num_chunks_enlarged: 171.
num_inconsistent_stats: 0.

CodeHeap 'non-profiled nmethods': size=120000Kb used=688Kb max_used=688Kb free=119311Kb
 bounds [0x0000029059a10000, 0x0000029059c80000, 0x0000029060f40000]
CodeHeap 'profiled nmethods': size=120000Kb used=3020Kb max_used=3020Kb free=116979Kb
 bounds [0x0000029051f40000, 0x0000029052240000, 0x0000029059470000]
CodeHeap 'non-nmethods': size=5760Kb used=1211Kb max_used=1243Kb free=4549Kb
 bounds [0x0000029059470000, 0x00000290596e0000, 0x0000029059a10000]
CodeCache: size=245760Kb, used=4919Kb, max_used=4951Kb, free=240839Kb
 total_blobs=2154, nmethods=1675, adapters=385, full_count=0
Compilation: enabled, stopped_count=0, restarted_count=0

Compilation events (20 events):
Event: 1.640 Thread 0x00000290657556f0 1670       3       java.security.Provider$Service::getDefaultConstructor (84 bytes)
Event: 1.641 Thread 0x00000290657556f0 nmethod 1670 0x000002905222c310 code [0x000002905222c560, 0x000002905222d220]
Event: 1.641 Thread 0x00000290657556f0 1671       3       java.util.zip.ZipFile$ZipFileInflaterInputStream::<init> (14 bytes)
Event: 1.641 Thread 0x00000290657556f0 nmethod 1671 0x000002905222d510 code [0x000002905222d6c0, 0x000002905222d878]
Event: 1.643 Thread 0x00000290657556f0 1672       3       java.lang.invoke.MethodHandleNatives::refKindIsMethod (19 bytes)
Event: 1.643 Thread 0x00000290657556f0 nmethod 1672 0x000002905222d990 code [0x000002905222db40, 0x000002905222dd68]
Event: 1.643 Thread 0x00000290657556f0 1673       3       java.lang.invoke.MemberName::getType (19 bytes)
Event: 1.643 Thread 0x00000290657556f0 nmethod 1673 0x000002905222de10 code [0x000002905222dfe0, 0x000002905222e2d0]
Event: 1.643 Thread 0x00000290657556f0 1674       3       java.util.jar.JarFile::verifiableEntry (55 bytes)
Event: 1.644 Thread 0x00000290657556f0 nmethod 1674 0x000002905222e410 code [0x000002905222e640, 0x000002905222f030]
Event: 1.644 Thread 0x00000290657556f0 1675       3       java.util.jar.JarVerifier$VerifierStream::<init> (80 bytes)
Event: 1.644 Thread 0x00000290657556f0 nmethod 1675 0x000002905222f210 code [0x000002905222f420, 0x000002905222f9f0]
Event: 1.645 Thread 0x00000290665de7d0 nmethod 1666 0x0000029059abaa10 code [0x0000029059abac60, 0x0000029059abb900]
Event: 1.645 Thread 0x00000290657556f0 1676       3       java.lang.invoke.MethodHandleNatives::isCallerSensitive (29 bytes)
Event: 1.645 Thread 0x00000290657556f0 nmethod 1676 0x000002905222fc90 code [0x000002905222fe80, 0x00000290522302a8]
Event: 1.645 Thread 0x00000290657556f0 1677       3       java.lang.invoke.MethodHandles$Lookup::isArrayClone (50 bytes)
Event: 1.646 Thread 0x00000290657556f0 nmethod 1677 0x0000029052230410 code [0x0000029052230620, 0x0000029052230ca0]
Event: 1.646 Thread 0x00000290657556f0 1678       3       sun.invoke.util.VerifyAccess::isMemberAccessible (338 bytes)
Event: 1.647 Thread 0x00000290657556f0 nmethod 1678 0x0000029052230f10 code [0x00000290522312a0, 0x00000290522324c0]
Event: 1.647 Thread 0x00000290657556f0 1679       3       sun.security.jca.GetInstance::getInstance (28 bytes)

GC Heap History (2 events):
Event: 0.953 GC heap before
{Heap before GC invocations=1 (full 0):
 PSYoungGen      total 29696K, used 25600K [0x00000000d5580000, 0x00000000d7680000, 0x0000000100000000)
  eden space 25600K, 100% used [0x00000000d5580000,0x00000000d6e80000,0x00000000d6e80000)
  from space 4096K, 0% used [0x00000000d7280000,0x00000000d7280000,0x00000000d7680000)
  to   space 4096K, 0% used [0x00000000d6e80000,0x00000000d6e80000,0x00000000d7280000)
 ParOldGen       total 68608K, used 0K [0x0000000080000000, 0x0000000084300000, 0x00000000d5580000)
  object space 68608K, 0% used [0x0000000080000000,0x0000000080000000,0x0000000084300000)
 Metaspace       used 4327K, committed 4608K, reserved 1114112K
  class space    used 472K, committed 576K, reserved 1048576K
}
Event: 0.960 GC heap after
{Heap after GC invocations=1 (full 0):
 PSYoungGen      total 29696K, used 3287K [0x00000000d5580000, 0x00000000d7680000, 0x0000000100000000)
  eden space 25600K, 0% used [0x00000000d5580000,0x00000000d5580000,0x00000000d6e80000)
  from space 4096K, 80% used [0x00000000d6e80000,0x00000000d71b5ea8,0x00000000d7280000)
  to   space 4096K, 0% used [0x00000000d7280000,0x00000000d7280000,0x00000000d7680000)
 ParOldGen       total 68608K, used 16K [0x0000000080000000, 0x0000000084300000, 0x00000000d5580000)
  object space 68608K, 0% used [0x0000000080000000,0x0000000080004000,0x0000000084300000)
 Metaspace       used 4327K, committed 4608K, reserved 1114112K
  class space    used 472K, committed 576K, reserved 1048576K
}

Dll operation events (8 events):
Event: 0.011 Loaded shared library c:\Users\mr chou\.cursor\extensions\redhat.java-1.50.0-win32-x64\jre\21.0.9-win32-x86_64\bin\java.dll
Event: 0.119 Loaded shared library c:\Users\mr chou\.cursor\extensions\redhat.java-1.50.0-win32-x64\jre\21.0.9-win32-x86_64\bin\zip.dll
Event: 0.172 Loaded shared library C:\Users\mr chou\.cursor\extensions\redhat.java-1.50.0-win32-x64\jre\21.0.9-win32-x86_64\bin\instrument.dll
Event: 0.180 Loaded shared library C:\Users\mr chou\.cursor\extensions\redhat.java-1.50.0-win32-x64\jre\21.0.9-win32-x86_64\bin\net.dll
Event: 0.183 Loaded shared library C:\Users\mr chou\.cursor\extensions\redhat.java-1.50.0-win32-x64\jre\21.0.9-win32-x86_64\bin\nio.dll
Event: 0.190 Loaded shared library C:\Users\mr chou\.cursor\extensions\redhat.java-1.50.0-win32-x64\jre\21.0.9-win32-x86_64\bin\zip.dll
Event: 0.216 Loaded shared library C:\Users\mr chou\.cursor\extensions\redhat.java-1.50.0-win32-x64\jre\21.0.9-win32-x86_64\bin\jimage.dll
Event: 0.331 Loaded shared library c:\Users\mr chou\.cursor\extensions\redhat.java-1.50.0-win32-x64\jre\21.0.9-win32-x86_64\bin\verify.dll

Deoptimization events (20 events):
Event: 1.526 Thread 0x000002904cb948c0 Uncommon trap: trap_request=0xffffff45 fr.pc=0x0000029059a8aa34 relative=0x0000000000000094
Event: 1.526 Thread 0x000002904cb948c0 Uncommon trap: reason=unstable_if action=reinterpret pc=0x0000029059a8aa34 method=java.util.concurrent.locks.ReentrantLock$Sync.tryRelease(I)Z @ 26 c2
Event: 1.526 Thread 0x000002904cb948c0 DEOPT PACKING pc=0x0000029059a8aa34 sp=0x000000998dafea20
Event: 1.526 Thread 0x000002904cb948c0 DEOPT UNPACKING pc=0x00000290594c3aa2 sp=0x000000998dafe9a0 mode 2
Event: 1.559 Thread 0x000002904cb948c0 Uncommon trap: trap_request=0xffffff45 fr.pc=0x0000029059a8a6e0 relative=0x0000000000000040
Event: 1.559 Thread 0x000002904cb948c0 Uncommon trap: reason=unstable_if action=reinterpret pc=0x0000029059a8a6e0 method=java.util.concurrent.locks.AbstractQueuedSynchronizer.signalNext(Ljava/util/concurrent/locks/AbstractQueuedSynchronizer$Node;)V @ 1 c2
Event: 1.559 Thread 0x000002904cb948c0 DEOPT PACKING pc=0x0000029059a8a6e0 sp=0x000000998dafe750
Event: 1.559 Thread 0x000002904cb948c0 DEOPT UNPACKING pc=0x00000290594c3aa2 sp=0x000000998dafe6e0 mode 2
Event: 1.609 Thread 0x000002904cb948c0 Uncommon trap: trap_request=0xffffffde fr.pc=0x0000029059aa70bc relative=0x0000000000000b5c
Event: 1.609 Thread 0x000002904cb948c0 Uncommon trap: reason=class_check action=maybe_recompile pc=0x0000029059aa70bc method=java.util.HashMap.putVal(ILjava/lang/Object;Ljava/lang/Object;ZZ)Ljava/lang/Object; @ 253 c2
Event: 1.609 Thread 0x000002904cb948c0 DEOPT PACKING pc=0x0000029059aa70bc sp=0x000000998dafe350
Event: 1.609 Thread 0x000002904cb948c0 DEOPT UNPACKING pc=0x00000290594c3aa2 sp=0x000000998dafe278 mode 2
Event: 1.611 Thread 0x000002904cb948c0 Uncommon trap: trap_request=0xffffffde fr.pc=0x0000029059aa70bc relative=0x0000000000000b5c
Event: 1.611 Thread 0x000002904cb948c0 Uncommon trap: reason=class_check action=maybe_recompile pc=0x0000029059aa70bc method=java.util.HashMap.putVal(ILjava/lang/Object;Ljava/lang/Object;ZZ)Ljava/lang/Object; @ 253 c2
Event: 1.611 Thread 0x000002904cb948c0 DEOPT PACKING pc=0x0000029059aa70bc sp=0x000000998dafe350
Event: 1.611 Thread 0x000002904cb948c0 DEOPT UNPACKING pc=0x00000290594c3aa2 sp=0x000000998dafe278 mode 2
Event: 1.611 Thread 0x000002904cb948c0 Uncommon trap: trap_request=0xffffffde fr.pc=0x0000029059aa562c relative=0x0000000000000a4c
Event: 1.611 Thread 0x000002904cb948c0 Uncommon trap: reason=class_check action=maybe_recompile pc=0x0000029059aa562c method=java.util.HashMap.putVal(ILjava/lang/Object;Ljava/lang/Object;ZZ)Ljava/lang/Object; @ 253 c2
Event: 1.611 Thread 0x000002904cb948c0 DEOPT PACKING pc=0x0000029059aa562c sp=0x000000998dafe1b0
Event: 1.611 Thread 0x000002904cb948c0 DEOPT UNPACKING pc=0x00000290594c3aa2 sp=0x000000998dafe170 mode 2

Classes loaded (20 events):
Event: 1.557 Loading class java/util/concurrent/ThreadPoolExecutor$Worker
Event: 1.558 Loading class java/util/concurrent/ThreadPoolExecutor$Worker done
Event: 1.580 Loading class java/util/ArrayList$ListItr
Event: 1.580 Loading class java/util/ArrayList$ListItr done
Event: 1.584 Loading class java/net/ContentHandlerFactory
Event: 1.585 Loading class java/net/ContentHandlerFactory done
Event: 1.611 Loading class java/util/ConcurrentModificationException
Event: 1.611 Loading class java/util/ConcurrentModificationException done
Event: 1.621 Loading class java/util/LinkedList
Event: 1.621 Loading class java/util/AbstractSequentialList
Event: 1.621 Loading class java/util/AbstractSequentialList done
Event: 1.622 Loading class java/util/LinkedList done
Event: 1.630 Loading class java/net/ContentHandler
Event: 1.630 Loading class java/net/ContentHandler done
Event: 1.632 Loading class java/net/UrlDeserializedState
Event: 1.632 Loading class java/net/UrlDeserializedState done
Event: 1.633 Loading class java/lang/reflect/InaccessibleObjectException
Event: 1.633 Loading class java/lang/reflect/InaccessibleObjectException done
Event: 1.636 Loading class java/lang/StackWalker$Option
Event: 1.636 Loading class java/lang/StackWalker$Option done

Classes unloaded (0 events):
No events

Classes redefined (0 events):
No events

Internal exceptions (20 events):
Event: 0.739 Thread 0x000002904cb948c0 Exception <a 'java/lang/NoSuchMethodError'{0x00000000d6616df0}: 'java.lang.Object java.lang.invoke.DirectMethodHandle$Holder.invokeInterface(java.lang.Object, java.lang.Object, int)'> (0x00000000d6616df0) 
thrown [s\src\hotspot\share\interpreter\linkResolver.cpp, line 773]
Event: 0.884 Thread 0x000002904cb948c0 Exception <a 'java/lang/NoSuchMethodError'{0x00000000d6a84278}: 'java.lang.ClassLoader java.lang.ClassLoader.getPlatformClassLoader(java.lang.Class)'> (0x00000000d6a84278) 
thrown [s\src\hotspot\share\interpreter\linkResolver.cpp, line 773]
Event: 0.973 Thread 0x000002904cb948c0 Exception <a 'java/lang/ClassNotFoundException'{0x00000000d559de38}: sun/net/www/protocol/c/Handler> (0x00000000d559de38) 
thrown [s\src\hotspot\share\classfile\systemDictionary.cpp, line 312]
Event: 0.973 Thread 0x000002904cb948c0 Exception <a 'java/lang/ClassNotFoundException'{0x00000000d559f1f0}: sun/net/www/protocol/c/Handler> (0x00000000d559f1f0) 
thrown [s\src\hotspot\share\classfile\systemDictionary.cpp, line 312]
Event: 0.974 Thread 0x000002904cb948c0 Exception <a 'java/lang/ClassNotFoundException'{0x00000000d55a0400}: sun/net/www/protocol/c/Handler> (0x00000000d55a0400) 
thrown [s\src\hotspot\share\classfile\systemDictionary.cpp, line 312]
Event: 0.989 Thread 0x000002904cb948c0 Exception <a 'java/io/FileNotFoundException'{0x00000000d55c9680}> (0x00000000d55c9680) 
thrown [s\src\hotspot\share\prims\jni.cpp, line 520]
Event: 1.049 Thread 0x000002904cb948c0 Implicit null exception at 0x0000029059a71929 to 0x0000029059a7242c
Event: 1.049 Thread 0x000002904cb948c0 Implicit null exception at 0x0000029059a7dc1a to 0x0000029059a7de3c
Event: 1.050 Thread 0x000002904cb948c0 Exception <a 'java/lang/NoSuchMethodError'{0x00000000d573ae38}: 'void java.lang.invoke.DirectMethodHandle$Holder.invokeStatic(java.lang.Object, java.lang.Object, java.lang.Object, java.lang.Object)'> (0x00000000d573ae38) 
thrown [s\src\hotspot\share\interpreter\linkResolver.cpp, line 773]
Event: 1.053 Thread 0x000002904cb948c0 Implicit null exception at 0x0000029059a73c9a to 0x0000029059a73ebc
Event: 1.053 Thread 0x000002904cb948c0 Implicit null exception at 0x0000029059a695c0 to 0x0000029059a69645
Event: 1.194 Thread 0x000002904cb948c0 Exception <a 'java/lang/NoSuchMethodError'{0x00000000d59d1320}: 'void java.lang.invoke.DirectMethodHandle$Holder.invokeSpecial(java.lang.Object, java.lang.Object, java.lang.Object)'> (0x00000000d59d1320) 
thrown [s\src\hotspot\share\interpreter\linkResolver.cpp, line 773]
Event: 1.496 Thread 0x000002904cb948c0 Exception <a 'java/lang/NoSuchMethodError'{0x00000000d63ce4b0}: 'int java.lang.invoke.DirectMethodHandle$Holder.invokeVirtual(java.lang.Object, java.lang.Object)'> (0x00000000d63ce4b0) 
thrown [s\src\hotspot\share\interpreter\linkResolver.cpp, line 773]
Event: 1.543 Thread 0x000002904cb948c0 Exception <a 'java/lang/NoSuchMethodError'{0x00000000d6542cf0}: 'int java.lang.invoke.DirectMethodHandle$Holder.invokeStaticInit(java.lang.Object, java.lang.Object, java.lang.Object, java.lang.Object)'> (0x00000000d6542cf0) 
thrown [s\src\hotspot\share\interpreter\linkResolver.cpp, line 773]
Event: 1.544 Thread 0x000002904cb948c0 Exception <a 'java/lang/IncompatibleClassChangeError'{0x00000000d654b0f8}: Found class java.lang.Object, but interface was expected> (0x00000000d654b0f8) 
thrown [s\src\hotspot\share\interpreter\linkResolver.cpp, line 840]
Event: 1.544 Thread 0x000002904cb948c0 Exception <a 'java/lang/NoSuchMethodError'{0x00000000d6551688}: 'void java.lang.invoke.DirectMethodHandle$Holder.invokeStaticInit(java.lang.Object, java.lang.Object)'> (0x00000000d6551688) 
thrown [s\src\hotspot\share\interpreter\linkResolver.cpp, line 773]
Event: 1.545 Thread 0x000002904cb948c0 Exception <a 'java/lang/NoSuchMethodError'{0x00000000d655a840}: 'int java.lang.invoke.DirectMethodHandle$Holder.invokeStaticInit(java.lang.Object, java.lang.Object)'> (0x00000000d655a840) 
thrown [s\src\hotspot\share\interpreter\linkResolver.cpp, line 773]
Event: 1.595 Thread 0x000002904cb948c0 Exception <a 'java/lang/NoSuchMethodError'{0x00000000d67a5428}: 'java.lang.Object java.lang.invoke.DirectMethodHandle$Holder.newInvokeSpecial(java.lang.Object, int, java.lang.Object)'> (0x00000000d67a5428) 
thrown [s\src\hotspot\share\interpreter\linkResolver.cpp, line 773]
Event: 1.638 Thread 0x000002904cb948c0 Exception <a 'java/lang/ClassNotFoundException'{0x00000000d69bcc60}: sun/net/www/protocol/plurl/Handler> (0x00000000d69bcc60) 
thrown [s\src\hotspot\share\classfile\systemDictionary.cpp, line 312]
Event: 1.639 Thread 0x000002904cb948c0 Exception <a 'java/lang/ClassNotFoundException'{0x00000000d69bdae0}: sun/net/www/protocol/plurl/Handler> (0x00000000d69bdae0) 
thrown [s\src\hotspot\share\classfile\systemDictionary.cpp, line 312]

ZGC Phase Switch (0 events):
No events

VM Operations (20 events):
Event: 0.117 Executing VM operation: HandshakeAllThreads (Deoptimize)
Event: 0.117 Executing VM operation: HandshakeAllThreads (Deoptimize) done
Event: 0.242 Executing VM operation: HandshakeAllThreads (Deoptimize)
Event: 0.242 Executing VM operation: HandshakeAllThreads (Deoptimize) done
Event: 0.617 Executing VM operation: HandshakeAllThreads (Deoptimize)
Event: 0.617 Executing VM operation: HandshakeAllThreads (Deoptimize) done
Event: 0.649 Executing VM operation: HandshakeAllThreads (Deoptimize)
Event: 0.649 Executing VM operation: HandshakeAllThreads (Deoptimize) done
Event: 0.926 Executing VM operation: ICBufferFull
Event: 0.926 Executing VM operation: ICBufferFull done
Event: 0.952 Executing VM operation: ParallelGCFailedAllocation (Allocation Failure)
Event: 0.960 Executing VM operation: ParallelGCFailedAllocation (Allocation Failure) done
Event: 1.571 Executing VM operation: HandshakeAllThreads (Deoptimize)
Event: 1.571 Executing VM operation: HandshakeAllThreads (Deoptimize) done
Event: 1.580 Executing VM operation: HandshakeAllThreads (Deoptimize)
Event: 1.580 Executing VM operation: HandshakeAllThreads (Deoptimize) done
Event: 1.622 Executing VM operation: HandshakeAllThreads (Deoptimize)
Event: 1.622 Executing VM operation: HandshakeAllThreads (Deoptimize) done
Event: 1.634 Executing VM operation: HandshakeAllThreads (Deoptimize)
Event: 1.634 Executing VM operation: HandshakeAllThreads (Deoptimize) done

Memory protections (0 events):
No events

Nmethod flushes (0 events):
No events

Events (13 events):
Event: 0.027 Thread 0x000002904cb948c0 Thread added: 0x000002904cb948c0
Event: 0.049 Thread 0x000002904cb948c0 Thread added: 0x000002906571b230
Event: 0.049 Thread 0x000002904cb948c0 Thread added: 0x000002906571c0d0
Event: 0.049 Thread 0x000002904cb948c0 Thread added: 0x000002906571f200
Event: 0.049 Thread 0x000002904cb948c0 Thread added: 0x00000290657200a0
Event: 0.049 Thread 0x000002904cb948c0 Thread added: 0x0000029065720cf0
Event: 0.050 Thread 0x000002904cb948c0 Thread added: 0x00000290657279b0
Event: 0.050 Thread 0x000002904cb948c0 Thread added: 0x000002906574bf40
Event: 0.050 Thread 0x000002904cb948c0 Thread added: 0x00000290657556f0
Event: 0.176 Thread 0x000002904cb948c0 Thread added: 0x000002906658d870
Event: 0.318 Thread 0x00000290657556f0 Thread added: 0x00000290665de7d0
Event: 0.426 Thread 0x000002904cb948c0 Thread added: 0x0000029066662cf0
Event: 1.558 Thread 0x000002904cb948c0 Thread added: 0x0000029066f89430


Dynamic libraries:
0x00007ff75de50000 - 0x00007ff75de5e000 	c:\Users\mr chou\.cursor\extensions\redhat.java-1.50.0-win32-x64\jre\21.0.9-win32-x86_64\bin\java.exe
0x00007ffcb6d10000 - 0x00007ffcb6f08000 	C:\WINDOWS\SYSTEM32\ntdll.dll
0x00007ffcb4d90000 - 0x00007ffcb4e52000 	C:\WINDOWS\System32\KERNEL32.DLL
0x00007ffcb48e0000 - 0x00007ffcb4bd6000 	C:\WINDOWS\System32\KERNELBASE.dll
0x00007ffcb43a0000 - 0x00007ffcb44a0000 	C:\WINDOWS\System32\ucrtbase.dll
0x00007ffcaa6a0000 - 0x00007ffcaa6b8000 	c:\Users\mr chou\.cursor\extensions\redhat.java-1.50.0-win32-x64\jre\21.0.9-win32-x86_64\bin\jli.dll
0x00007ffcb5100000 - 0x00007ffcb52a1000 	C:\WINDOWS\System32\USER32.dll
0x00007ffcb44a0000 - 0x00007ffcb44c2000 	C:\WINDOWS\System32\win32u.dll
0x00007ffcb5590000 - 0x00007ffcb55bb000 	C:\WINDOWS\System32\GDI32.dll
0x00007ffcb47c0000 - 0x00007ffcb48d9000 	C:\WINDOWS\System32\gdi32full.dll
0x00007ffcb4c10000 - 0x00007ffcb4cad000 	C:\WINDOWS\System32\msvcp_win.dll
0x00007ffca6350000 - 0x00007ffca636e000 	c:\Users\mr chou\.cursor\extensions\redhat.java-1.50.0-win32-x64\jre\21.0.9-win32-x86_64\bin\VCRUNTIME140.dll
0x00007ffc9eea0000 - 0x00007ffc9f13b000 	C:\WINDOWS\WinSxS\amd64_microsoft.windows.common-controls_6595b64144ccf1df_6.0.19041.6456_none_60b8a6cb71f64256\COMCTL32.dll
0x00007ffcb6420000 - 0x00007ffcb64be000 	C:\WINDOWS\System32\msvcrt.dll
0x00007ffcb62f0000 - 0x00007ffcb631f000 	C:\WINDOWS\System32\IMM32.DLL
0x00007ffcaa550000 - 0x00007ffcaa55c000 	c:\Users\mr chou\.cursor\extensions\redhat.java-1.50.0-win32-x64\jre\21.0.9-win32-x86_64\bin\vcruntime140_1.dll
0x00007ffc641a0000 - 0x00007ffc6422d000 	c:\Users\mr chou\.cursor\extensions\redhat.java-1.50.0-win32-x64\jre\21.0.9-win32-x86_64\bin\msvcp140.dll
0x00007ffc26680000 - 0x00007ffc27420000 	c:\Users\mr chou\.cursor\extensions\redhat.java-1.50.0-win32-x64\jre\21.0.9-win32-x86_64\bin\server\jvm.dll
0x00007ffcb5020000 - 0x00007ffcb50d1000 	C:\WINDOWS\System32\ADVAPI32.dll
0x00007ffcb64c0000 - 0x00007ffcb655f000 	C:\WINDOWS\System32\sechost.dll
0x00007ffcb4e70000 - 0x00007ffcb4f90000 	C:\WINDOWS\System32\RPCRT4.dll
0x00007ffcb4be0000 - 0x00007ffcb4c07000 	C:\WINDOWS\System32\bcrypt.dll
0x00007ffcb6980000 - 0x00007ffcb69eb000 	C:\WINDOWS\System32\WS2_32.dll
0x00007ffc9f210000 - 0x00007ffc9f237000 	C:\WINDOWS\SYSTEM32\WINMM.dll
0x00007ffcb4200000 - 0x00007ffcb424b000 	C:\WINDOWS\SYSTEM32\POWRPROF.dll
0x00007ffca7f00000 - 0x00007ffca7f0a000 	C:\WINDOWS\SYSTEM32\VERSION.dll
0x00007ffcb41e0000 - 0x00007ffcb41f2000 	C:\WINDOWS\SYSTEM32\UMPDC.dll
0x00007ffcb2c00000 - 0x00007ffcb2c12000 	C:\WINDOWS\SYSTEM32\kernel.appcore.dll
0x00007ffca9cd0000 - 0x00007ffca9cda000 	c:\Users\mr chou\.cursor\extensions\redhat.java-1.50.0-win32-x64\jre\21.0.9-win32-x86_64\bin\jimage.dll
0x00007ffcaf0a0000 - 0x00007ffcaf2a1000 	C:\WINDOWS\SYSTEM32\DBGHELP.DLL
0x00007ffc89a40000 - 0x00007ffc89a74000 	C:\WINDOWS\SYSTEM32\dbgcore.DLL
0x00007ffcb4630000 - 0x00007ffcb46b2000 	C:\WINDOWS\System32\bcryptPrimitives.dll
0x00007ffca9c50000 - 0x00007ffca9c5f000 	c:\Users\mr chou\.cursor\extensions\redhat.java-1.50.0-win32-x64\jre\21.0.9-win32-x86_64\bin\instrument.dll
0x00007ffc9de20000 - 0x00007ffc9de40000 	c:\Users\mr chou\.cursor\extensions\redhat.java-1.50.0-win32-x64\jre\21.0.9-win32-x86_64\bin\java.dll
0x00007ffcb5690000 - 0x00007ffcb5e00000 	C:\WINDOWS\System32\SHELL32.dll
0x00007ffcaf2b0000 - 0x00007ffcafa55000 	C:\WINDOWS\SYSTEM32\windows.storage.dll
0x00007ffcb6620000 - 0x00007ffcb6974000 	C:\WINDOWS\System32\combase.dll
0x00007ffcb3d60000 - 0x00007ffcb3d8b000 	C:\WINDOWS\SYSTEM32\Wldp.dll
0x00007ffcb55c0000 - 0x00007ffcb568d000 	C:\WINDOWS\System32\OLEAUT32.dll
0x00007ffcb69f0000 - 0x00007ffcb6a9d000 	C:\WINDOWS\System32\SHCORE.dll
0x00007ffcb6aa0000 - 0x00007ffcb6afb000 	C:\WINDOWS\System32\shlwapi.dll
0x00007ffcb42d0000 - 0x00007ffcb42f4000 	C:\WINDOWS\SYSTEM32\profapi.dll
0x00007ffcab550000 - 0x00007ffcab568000 	c:\Users\mr chou\.cursor\extensions\redhat.java-1.50.0-win32-x64\jre\21.0.9-win32-x86_64\bin\zip.dll
0x00007ffcab680000 - 0x00007ffcab690000 	C:\Users\mr chou\.cursor\extensions\redhat.java-1.50.0-win32-x64\jre\21.0.9-win32-x86_64\bin\net.dll
0x00007ffca7f90000 - 0x00007ffca809a000 	C:\WINDOWS\SYSTEM32\WINHTTP.dll
0x00007ffcb3ac0000 - 0x00007ffcb3b2a000 	C:\WINDOWS\system32\mswsock.dll
0x00007ffcaa6d0000 - 0x00007ffcaa6e6000 	C:\Users\mr chou\.cursor\extensions\redhat.java-1.50.0-win32-x64\jre\21.0.9-win32-x86_64\bin\nio.dll
0x00007ffcaa6c0000 - 0x00007ffcaa6d0000 	c:\Users\mr chou\.cursor\extensions\redhat.java-1.50.0-win32-x64\jre\21.0.9-win32-x86_64\bin\verify.dll

JVMTI agents:
c:\Users\mr chou\.cursor\extensions\redhat.java-1.50.0-win32-x64\lombok\lombok-1.18.39-4050.jar path:c:\Users\mr chou\.cursor\extensions\redhat.java-1.50.0-win32-x64\jre\21.0.9-win32-x86_64\bin\instrument.dll, loaded, initialized, instrumentlib options:none

dbghelp: loaded successfully - version: 4.0.5 - missing functions: none
symbol engine: initialized successfully - sym options: 0x614 - pdb path: .;c:\Users\mr chou\.cursor\extensions\redhat.java-1.50.0-win32-x64\jre\21.0.9-win32-x86_64\bin;C:\WINDOWS\SYSTEM32;C:\WINDOWS\WinSxS\amd64_microsoft.windows.common-controls_6595b64144ccf1df_6.0.19041.6456_none_60b8a6cb71f64256;c:\Users\mr chou\.cursor\extensions\redhat.java-1.50.0-win32-x64\jre\21.0.9-win32-x86_64\bin\server

VM Arguments:
jvm_args: --add-modules=ALL-SYSTEM --add-opens=java.base/java.util=ALL-UNNAMED --add-opens=java.base/java.lang=ALL-UNNAMED --add-opens=java.base/sun.nio.fs=ALL-UNNAMED -Declipse.application=org.eclipse.jdt.ls.core.id1 -Dosgi.bundles.defaultStartLevel=4 -Declipse.product=org.eclipse.jdt.ls.core.product -Djava.import.generatesMetadataFilesAtProjectRoot=false -DDetectVMInstallationsJob.disabled=true -Dfile.encoding=utf8 -XX:+UseParallelGC -XX:GCTimeRatio=4 -XX:AdaptiveSizePolicyWeight=90 -Dsun.zip.disableMemoryMapping=true -Xmx2G -Xms100m -Xlog:disable -javaagent:c:\Users\mr chou\.cursor\extensions\redhat.java-1.50.0-win32-x64\lombok\lombok-1.18.39-4050.jar -XX:+HeapDumpOnOutOfMemoryError -XX:HeapDumpPath=c:\Users\mr chou\AppData\Roaming\Cursor\User\workspaceStorage\f03dff0f67f30d910e9c004cf14484c0\redhat.java -Daether.dependencyCollector.impl=bf 
java_command: c:\Users\mr chou\.cursor\extensions\redhat.java-1.50.0-win32-x64\server\plugins\org.eclipse.equinox.launcher_1.7.100.v20251111-0406.jar -configuration c:\Users\mr chou\AppData\Roaming\Cursor\User\globalStorage\redhat.java\1.50.0\config_win -data c:\Users\mr chou\AppData\Roaming\Cursor\User\workspaceStorage\f03dff0f67f30d910e9c004cf14484c0\redhat.java\jdt_ws --pipe=\\.\pipe\lsp-9f41a71d898f28de2a02715d610c419f-sock
java_class_path (initial): c:\Users\mr chou\.cursor\extensions\redhat.java-1.50.0-win32-x64\server\plugins\org.eclipse.equinox.launcher_1.7.100.v20251111-0406.jar
Launcher Type: SUN_STANDARD

[Global flags]
    uintx AdaptiveSizePolicyWeight                 = 90                                        {product} {command line}
     intx CICompilerCount                          = 3                                         {product} {ergonomic}
    uintx GCTimeRatio                              = 4                                         {product} {command line}
     bool HeapDumpOnOutOfMemoryError               = true                                   {manageable} {command line}
    ccstr HeapDumpPath                             = c:\Users\mr chou\AppData\Roaming\Cursor\User\workspaceStorage\f03dff0f67f30d910e9c004cf14484c0\redhat.java         {manageable} {command line}
   size_t InitialHeapSize                          = 104857600                                 {product} {command line}
   size_t MaxHeapSize                              = 2147483648                                {product} {command line}
   size_t MaxNewSize                               = 715653120                                 {product} {ergonomic}
   size_t MinHeapDeltaBytes                        = 524288                                    {product} {ergonomic}
   size_t MinHeapSize                              = 104857600                                 {product} {command line}
   size_t NewSize                                  = 34603008                                  {product} {ergonomic}
    uintx NonNMethodCodeHeapSize                   = 5832780                                {pd product} {ergonomic}
    uintx NonProfiledCodeHeapSize                  = 122912730                              {pd product} {ergonomic}
   size_t OldSize                                  = 70254592                                  {product} {ergonomic}
    uintx ProfiledCodeHeapSize                     = 122912730                              {pd product} {ergonomic}
    uintx ReservedCodeCacheSize                    = 251658240                              {pd product} {ergonomic}
     bool SegmentedCodeCache                       = true                                      {product} {ergonomic}
   size_t SoftMaxHeapSize                          = 2147483648                             {manageable} {ergonomic}
     bool UseCompressedOops                        = true                           {product lp64_product} {ergonomic}
     bool UseLargePagesIndividualAllocation        = false                                  {pd product} {ergonomic}
     bool UseParallelGC                            = true                                      {product} {command line}

Logging:
Log output configuration:
 #0: stdout all=off uptime,level,tags foldmultilines=false
 #1: stderr all=off uptime,level,tags foldmultilines=false

Release file:
JAVA_VERSION="21.0.9" 
MODULES="java.base java.compiler java.datatransfer java.xml java.prefs java.desktop java.instrument java.logging java.management java.security.sasl java.naming java.rmi java.management.rmi java.net.http java.scripting java.security.jgss java.transaction.xa java.sql java.sql.rowset java.xml.crypto java.se java.smartcardio jdk.accessibility jdk.internal.jvmstat jdk.attach jdk.charsets jdk.internal.opt jdk.zipfs jdk.compiler jdk.crypto.ec jdk.crypto.cryptoki jdk.crypto.mscapi jdk.dynalink jdk.internal.ed jdk.editpad jdk.hotspot.agent jdk.httpserver jdk.internal.le jdk.internal.vm.ci jdk.internal.vm.compiler jdk.internal.vm.compiler.management jdk.jartool jdk.javadoc jdk.jcmd jdk.management jdk.management.agent jdk.jconsole jdk.jdeps jdk.jdwp.agent jdk.jdi jdk.jfr jdk.jshell jdk.jsobject jdk.jstatd jdk.localedata jdk.management.jfr jdk.naming.dns jdk.naming.rmi jdk.net jdk.nio.mapmode jdk.random jdk.sctp jdk.security.auth jdk.security.jgss jdk.unsupported jdk.unsupported.desktop jdk.xml.dom" 

Environment Variables:
PATH=C:\Program Files\apache\apache-maven-3.9.11\bin;C:\Program Files\Common Files\Oracle\Java\javapath;C:\app\mr_chou\product\18.0.0\dbhomeXE\bin;C:\WINDOWS\system32;C:\WINDOWS;C:\WINDOWS\System32\Wbem;C:\WINDOWS\System32\WindowsPowerShell\v1.0\;C:\WINDOWS\System32\OpenSSH\;C:\Program Files\Git\cmd;C:\Program Files\cursor\resources\app\bin;C:\Program Files\MySQL\MySQL Server 8.0\bin;C:\Users\mr chou\AppData\Local\Programs\Python\Python314\Scripts\;C:\Users\mr chou\AppData\Local\Programs\Python\Python314\;C:\Users\mr chou\AppData\Local\Programs\Python\Launcher\;C:\Users\mr chou\AppData\Local\Microsoft\WindowsApps;C:\Users\mr chou\AppData\Local\Programs\Microsoft VS Code\bin;C:\Users\mr chou\AppData\Local\Programs\Windsurf\bin;C:\Program Files\apache\apache-maven-3.9.11\bin;
USERNAME=mr chou
OS=Windows_NT
PROCESSOR_IDENTIFIER=Intel64 Family 6 Model 78 Stepping 3, GenuineIntel
TMP=C:\Users\MRCHOU~1\AppData\Local\Temp
TEMP=C:\Users\MRCHOU~1\AppData\Local\Temp




Periodic native trim disabled

---------------  S Y S T E M  ---------------

OS:
 Windows 10 , 64 bit Build 19041 (10.0.19041.5915)
OS uptime: 1 days 8:43 hours

CPU: total 4 (initial active 4) (2 cores per cpu, 2 threads per core) family 6 model 78 stepping 3 microcode 0xf0, cx8, cmov, fxsr, ht, mmx, 3dnowpref, sse, sse2, sse3, ssse3, sse4.1, sse4.2, popcnt, lzcnt, tsc, tscinvbit, avx, avx2, aes, erms, clmul, bmi1, bmi2, rtm, adx, fma, vzeroupper, clflush, clflushopt, rdtscp, f16c
Processor Information for the first 4 processors :
  Max Mhz: 2496, Current Mhz: 2396, Mhz Limit: 2396

Memory: 4k page, system-wide physical 16229M (7609M free)
TotalPageFile size 18661M (AvailPageFile size 6144M)
current process WorkingSet (physical memory assigned to process): 86M, peak: 86M
current process commit charge ("private bytes"): 227M, peak: 228M

vm_info: OpenJDK 64-Bit Server VM (21.0.9+10-LTS) for windows-amd64 JRE (21.0.9+10-LTS), built on 2025-10-21T00:00:00Z by "admin" with unknown MS VC++:1942

END.
