#
# A fatal error has been detected by the Java Runtime Environment:
#
#  EXCEPTION_ACCESS_VIOLATION (0xc0000005) at pc=0x00007ffc26a0bf9d, pid=8004, tid=15692
#
# JRE version: OpenJDK Runtime Environment Temurin-21.0.9+10 (21.0.9+10) (build 21.0.9+10-LTS)
# Java VM: OpenJDK 64-Bit Server VM Temurin-21.0.9+10 (21.0.9+10-LTS, mixed mode, sharing, tiered, compressed oops, compressed class ptrs, parallel gc, windows-amd64)
# Problematic frame:
# V  [jvm.dll+0x38bf9d]
#
# No core dump will be written. Minidumps are not enabled by default on client versions of Windows
#
# If you would like to submit a bug report, please visit:
#   https://github.com/adoptium/adoptium-support/issues
#

---------------  S U M M A R Y ------------

Command Line: --add-modules=ALL-SYSTEM --add-opens=java.base/java.util=ALL-UNNAMED --add-opens=java.base/java.lang=ALL-UNNAMED --add-opens=java.base/sun.nio.fs=ALL-UNNAMED -Declipse.application=org.eclipse.jdt.ls.core.id1 -Dosgi.bundles.defaultStartLevel=4 -Declipse.product=org.eclipse.jdt.ls.core.product -Djava.import.generatesMetadataFilesAtProjectRoot=false -DDetectVMInstallationsJob.disabled=true -Dfile.encoding=utf8 -XX:+UseParallelGC -XX:GCTimeRatio=4 -XX:AdaptiveSizePolicyWeight=90 -Dsun.zip.disableMemoryMapping=true -Xmx2G -Xms100m -Xlog:disable -javaagent:c:\Users\mr chou\.cursor\extensions\redhat.java-1.50.0-win32-x64\lombok\lombok-1.18.39-4050.jar -XX:+HeapDumpOnOutOfMemoryError -XX:HeapDumpPath=c:\Users\mr chou\AppData\Roaming\Cursor\User\workspaceStorage\f03dff0f67f30d910e9c004cf14484c0\redhat.java -Daether.dependencyCollector.impl=bf c:\Users\mr chou\.cursor\extensions\redhat.java-1.50.0-win32-x64\server\plugins\org.eclipse.equinox.launcher_1.7.100.v20251111-0406.jar -configuration c:\Users\mr chou\AppData\Roaming\Cursor\User\globalStorage\redhat.java\1.50.0\config_win -data c:\Users\mr chou\AppData\Roaming\Cursor\User\workspaceStorage\f03dff0f67f30d910e9c004cf14484c0\redhat.java\jdt_ws --pipe=\\.\pipe\lsp-ea8d56247a0327f94e735af3a48f8295-sock

Host: Intel(R) Core(TM) i5-6300U CPU @ 2.40GHz, 4 cores, 15G,  Windows 10 , 64 bit Build 19041 (10.0.19041.5915)
Time: Wed Dec 17 01:04:52 2025 GMT Standard Time elapsed time: 37.253304 seconds (0d 0h 0m 37s)

---------------  T H R E A D  ---------------

Current thread (0x000002b1745982f0):  JavaThread "C2 CompilerThread1" daemon [_thread_in_native, id=15692, stack(0x000000f2efb00000,0x000000f2efc00000) (1024K)]


Current CompileTask:
C2:37253 12730 %     4       org.eclipse.jdt.internal.core.util.Util::quickSort @ 19 (107 bytes)

Stack: [0x000000f2efb00000,0x000000f2efc00000],  sp=0x000000f2efbfcd60,  free space=1011k
Native frames: (J=compiled Java code, j=interpreted, Vv=VM code, C=native code)
V  [jvm.dll+0x38bf9d]
V  [jvm.dll+0x38d0b6]
V  [jvm.dll+0x38a98a]
V  [jvm.dll+0x389fda]
V  [jvm.dll+0x24bfa0]
V  [jvm.dll+0x24b580]
V  [jvm.dll+0x1cb13e]
V  [jvm.dll+0x25b29d]
V  [jvm.dll+0x25982a]
V  [jvm.dll+0x3f7ea6]
V  [jvm.dll+0x85e9ad]
V  [jvm.dll+0x6d565d]
C  [ucrtbase.dll+0x21bb2]
C  [KERNEL32.DLL+0x17374]
C  [ntdll.dll+0x4cc91]


siginfo: EXCEPTION_ACCESS_VIOLATION (0xc0000005), reading address 0xffffffffffffffff


Registers:
RAX=0x000000000000000c, RBX=0x008002b17723c5b8, RCX=0x000002b1740cad80, RDX=0x00000000000001c4
RSP=0x000000f2efbfcd60, RBP=0x0000000000000052, RSI=0x0000000000000000, RDI=0x0000000000000003
R8 =0x000000f2efbfcea8, R9 =0x000002b179b69900, R10=0x000002b179b698f0, R11=0x0000000000000005
R12=0x000002b178662400, R13=0x000002b1772f7548, R14=0x000002b178662420, R15=0x000000f2efbfcdc0
RIP=0x00007ffc26a0bf9d, EFLAGS=0x0000000000010206

XMM[0]=0x0000000000000000 0x0000000000000000
XMM[1]=0x000002b177fd1350 0x000002b1772f7548
XMM[2]=0x000002b17a6491e0 0x000002b17a6471d8
XMM[3]=0x0000000000000000 0x0000000000000000
XMM[4]=0x0000000000000000 0x0000000000000000
XMM[5]=0x000002b177f3f5a8 0x000002b177f3ca10
XMM[6]=0x0000000000000000 0x0000000000000000
XMM[7]=0x0000000000000000 0x0000000000000000
XMM[8]=0x0000000000000000 0x0000000000000000
XMM[9]=0x0000000000000000 0x0000000000000000
XMM[10]=0x0000000000000000 0x0000000000000000
XMM[11]=0x0000000000000000 0x0000000000000000
XMM[12]=0x0000000000000000 0x0000000000000000
XMM[13]=0x0000000000000000 0x0000000000000000
XMM[14]=0x0000000000000000 0x0000000000000000
XMM[15]=0x0000000000000000 0x0000000000000000
  MXCSR=0x00001fa0


Register to memory mapping:

RAX=0x000000000000000c is an unknown value
RBX=0x008002b17723c5b8 is an unknown value
RCX=0x000002b1740cad80 points into unknown readable memory: 0x000002b1740ceee0 | e0 ee 0c 74 b1 02 00 00
RDX=0x00000000000001c4 is an unknown value
RSP=0x000000f2efbfcd60 is pointing into the stack for thread: 0x000002b1745982f0
RBP=0x0000000000000052 is an unknown value
RSI=0x0 is null
RDI=0x0000000000000003 is an unknown value
R8 =0x000000f2efbfcea8 is pointing into the stack for thread: 0x000002b1745982f0
R9 =0x000002b179b69900 points into unknown readable memory: 0x000002b1772f7548 | 48 75 2f 77 b1 02 00 00
R10=0x000002b179b698f0 points into unknown readable memory: 0x000002b1796f16a0 | a0 16 6f 79 b1 02 00 00
R11=0x0000000000000005 is an unknown value
R12=0x000002b178662400 points into unknown readable memory: 0x000002b178662298 | 98 22 66 78 b1 02 00 00
R13=0x000002b1772f7548 points into unknown readable memory: 0x00007ffc26ffeed8 | d8 ee ff 26 fc 7f 00 00
R14=0x000002b178662420 points into unknown readable memory: 0x00007ffc2709b5f8 | f8 b5 09 27 fc 7f 00 00
R15=0x000000f2efbfcdc0 is pointing into the stack for thread: 0x000002b1745982f0

Top of Stack: (sp=0x000000f2efbfcd60)
0x000000f2efbfcd60:   000000f2efbfd2d0 000002b1772f7548
0x000000f2efbfcd70:   000000f2efbfd2d0 000002b1772f7548
0x000000f2efbfcd80:   000002b178b69f28 000002b1740cad80
0x000000f2efbfcd90:   000000f2efbfd2d0 00007ffc26a0d0b6
0x000000f2efbfcda0:   000002b1796f1710 000002b178b6b0f8
0x000000f2efbfcdb0:   000002b1796f4a90 000002b178b6b000
0x000000f2efbfcdc0:   000000f2efbfcea8 000000f2efbfce88
0x000000f2efbfcdd0:   000000f2efbfd2d0 000002b176b918e0
0x000000f2efbfcde0:   000002b1740dd5a0 0000000000000000
0x000000f2efbfcdf0:   000000f2efbfd2d0 00000000000004c5
0x000000f2efbfce00:   000000f2efbfcf10 00007ffc26a0a98a
0x000000f2efbfce10:   000002b1740dfac8 000002b176b918e0
0x000000f2efbfce20:   000002b177fecb90 000002b1740dd5a0
0x000000f2efbfce30:   0000000000000000 0000000000000000
0x000000f2efbfce40:   0000000000000000 0000000000000000
0x000000f2efbfce50:   0000000000000010 0000000000003d4c
0x000000f2efbfce60:   0000000000007fd8 00007ffcb494098d
0x000000f2efbfce70:   000000f2efbfcf48 0000000000000000
0x000000f2efbfce80:   0000000000000000 000002b177feb410
0x000000f2efbfce90:   000002b177fecb10 000002b177feb250
0x000000f2efbfcea0:   000002b176b918e0 000000f200000040
0x000000f2efbfceb0:   000002b177feb150 00007ffc00000040
0x000000f2efbfcec0:   000002b176b918e0 000002b1740d7ae0
0x000000f2efbfced0:   0000000000061540 0000000000000000
0x000000f2efbfcee0:   000000f2efbfd4f8 00007ffc26d3020e
0x000000f2efbfcef0:   000002b100000000 00007ffcb48fb6ae
0x000000f2efbfcf00:   0000000000000048 00007ffc26a0d9da
0x000000f2efbfcf10:   0000000000000000 00007ffcb48fb6ae
0x000000f2efbfcf20:   000002b177262a30 00007ffc26a0992f
0x000000f2efbfcf30:   000002b1740dab60 000000f2efbfcf80
0x000000f2efbfcf40:   0000000000000005 000002b17a64fa10
0x000000f2efbfcf50:   000002b17a64f480 00007ffc26a09aa4 

Instructions: (pc=0x00007ffc26a0bf9d)
0x00007ffc26a0be9d:   48 8b 6c 24 48 48 8b 74 24 50 48 83 c4 20 41 5f
0x00007ffc26a0bead:   41 5e 5f e9 6b 17 00 00 cc cc cc cc cc cc cc cc
0x00007ffc26a0bebd:   cc cc cc 41 57 48 83 ec 30 48 8b 51 08 4c 8b f9
0x00007ffc26a0becd:   4c 8b 02 49 8b c0 48 2b 42 10 48 83 c0 10 48 c1
0x00007ffc26a0bedd:   e8 04 85 c0 75 09 33 c0 48 83 c4 30 41 5f c3 48
0x00007ffc26a0beed:   89 5c 24 40 49 8d 40 f0 48 89 6c 24 48 48 89 74
0x00007ffc26a0befd:   24 50 48 89 7c 24 58 4c 89 64 24 28 4d 8b 20 4c
0x00007ffc26a0bf0d:   89 74 24 20 4d 8b f4 49 83 e6 fe 41 80 e4 01 41
0x00007ffc26a0bf1d:   8b 7e 20 41 39 78 08 41 0f 42 78 08 48 89 02 0f
0x00007ffc26a0bf2d:   1f 40 00 41 8b 76 28 8b de 49 8b 2f c1 eb 05 3b
0x00007ffc26a0bf3d:   5d 00 72 0a 8b d3 48 8b cd e8 45 1c 51 00 48 8b
0x00007ffc26a0bf4d:   45 08 83 e6 1f 48 8d 14 98 8b 04 98 0f ab f0 89
0x00007ffc26a0bf5d:   02 41 8b 46 2c 24 0f 3c 08 75 09 49 8b 46 08 48
0x00007ffc26a0bf6d:   8b 08 eb 03 49 8b ce 49 8b 47 10 33 f6 8b 51 28
0x00007ffc26a0bf7d:   48 8b 48 78 48 8b 04 d1 8b 68 68 85 ff 0f 84 b2
0x00007ffc26a0bf8d:   00 00 00 49 8b 5e 10 ff cf 4d 8b 07 48 8b 1c fb
0x00007ffc26a0bf9d:   8b 4b 28 8b c1 c1 e8 05 41 3b 00 73 11 8b d0 83
0x00007ffc26a0bfad:   e1 1f 49 8b 40 08 8b 04 90 0f a3 c8 72 47 8b 43
0x00007ffc26a0bfbd:   2c 24 0f 3c 08 75 09 48 8b 43 08 4c 8b 00 eb 03
0x00007ffc26a0bfcd:   4c 8b c3 49 8b 47 10 41 8b 50 28 48 8b 48 78 48
0x00007ffc26a0bfdd:   8b 04 d1 39 68 68 72 1d 75 0b 41 8b 40 2c 83 e0
0x00007ffc26a0bfed:   0f 3c 0c 74 10 48 8b cb 48 8b f3 e8 63 70 32 00
0x00007ffc26a0bffd:   41 3a c4 74 04 85 ff 75 8a 48 85 f6 74 37 49 8b
0x00007ffc26a0c00d:   5f 08 48 83 03 10 48 8b 03 48 3b 43 08 72 08 48
0x00007ffc26a0c01d:   8b cb e8 9c 5f 32 00 48 8b 0b 41 0f b6 c4 49 0b
0x00007ffc26a0c02d:   c6 4c 8b f6 45 32 e4 48 89 01 89 79 08 8b 7e 20
0x00007ffc26a0c03d:   e9 ee fe ff ff 45 84 e4 75 0c 41 8b 7e 20 41 b4
0x00007ffc26a0c04d:   01 e9 dd fe ff ff 4c 8b 64 24 28 49 8b c6 4c 8b
0x00007ffc26a0c05d:   74 24 20 48 8b 7c 24 58 48 8b 74 24 50 48 8b 6c
0x00007ffc26a0c06d:   24 48 48 8b 5c 24 40 48 83 c4 30 41 5f c3 cc cc
0x00007ffc26a0c07d:   cc cc cc 48 89 5c 24 08 48 89 74 24 10 48 89 7c
0x00007ffc26a0c08d:   24 18 41 56 48 83 ec 20 8b 59 28 48 8b f9 ff cb 


Stack slot to memory mapping:

stack at sp + 0 slots: 0x000000f2efbfd2d0 is pointing into the stack for thread: 0x000002b1745982f0
stack at sp + 1 slots: 0x000002b1772f7548 points into unknown readable memory: 0x00007ffc26ffeed8 | d8 ee ff 26 fc 7f 00 00
stack at sp + 2 slots: 0x000000f2efbfd2d0 is pointing into the stack for thread: 0x000002b1745982f0
stack at sp + 3 slots: 0x000002b1772f7548 points into unknown readable memory: 0x00007ffc26ffeed8 | d8 ee ff 26 fc 7f 00 00
stack at sp + 4 slots: 0x000002b178b69f28 points into unknown readable memory: 0x00007ffc27073620 | 20 36 07 27 fc 7f 00 00
stack at sp + 5 slots: 0x000002b1740cad80 points into unknown readable memory: 0x000002b1740ceee0 | e0 ee 0c 74 b1 02 00 00
stack at sp + 6 slots: 0x000000f2efbfd2d0 is pointing into the stack for thread: 0x000002b1745982f0
stack at sp + 7 slots: 0x00007ffc26a0d0b6 jvm.dll


---------------  P R O C E S S  ---------------

Threads class SMR info:
_java_thread_list=0x000002b174233e30, length=41, elements={
0x000002b1155b52f0, 0x000002b1176c8920, 0x000002b1176c9f60, 0x000002b1176ccbc0,
0x000002b1176cd810, 0x000002b1176ce460, 0x000002b1176d0ec0, 0x000002b1176d1cf0,
0x000002b117747c90, 0x000002b1741092f0, 0x000002b1742adab0, 0x000002b1747baec0,
0x000002b17477b830, 0x000002b174ad5950, 0x000002b174ad5fb0, 0x000002b174ec2930,
0x000002b174ed84b0, 0x000002b174cd4a60, 0x000002b1744cab90, 0x000002b174649090,
0x000002b174649720, 0x000002b17464b160, 0x000002b17464b7f0, 0x000002b17464a440,
0x000002b17464aad0, 0x000002b17464be80, 0x000002b174649db0, 0x000002b174648a00,
0x000002b177799020, 0x000002b17779be10, 0x000002b177796f50, 0x000002b1777968c0,
0x000002b177795ba0, 0x000002b1745982f0, 0x000002b1777975e0, 0x000002b177798300,
0x000002b17779aa60, 0x000002b17779b0f0, 0x000002b177798990, 0x000002b177796230,
0x000002b17779b780
}

Java Threads: ( => current thread )
  0x000002b1155b52f0 JavaThread "main"                              [_thread_blocked, id=11244, stack(0x000000f2ee000000,0x000000f2ee100000) (1024K)]
  0x000002b1176c8920 JavaThread "Reference Handler"          daemon [_thread_blocked, id=1180, stack(0x000000f2ee400000,0x000000f2ee500000) (1024K)]
  0x000002b1176c9f60 JavaThread "Finalizer"                  daemon [_thread_blocked, id=11348, stack(0x000000f2ee500000,0x000000f2ee600000) (1024K)]
  0x000002b1176ccbc0 JavaThread "Signal Dispatcher"          daemon [_thread_blocked, id=12856, stack(0x000000f2ee600000,0x000000f2ee700000) (1024K)]
  0x000002b1176cd810 JavaThread "Attach Listener"            daemon [_thread_blocked, id=13960, stack(0x000000f2ee700000,0x000000f2ee800000) (1024K)]
  0x000002b1176ce460 JavaThread "Service Thread"             daemon [_thread_blocked, id=14476, stack(0x000000f2ee800000,0x000000f2ee900000) (1024K)]
  0x000002b1176d0ec0 JavaThread "Monitor Deflation Thread"   daemon [_thread_blocked, id=8444, stack(0x000000f2ee900000,0x000000f2eea00000) (1024K)]
  0x000002b1176d1cf0 JavaThread "C2 CompilerThread0"         daemon [_thread_in_native, id=14156, stack(0x000000f2eea00000,0x000000f2eeb00000) (1024K)]
  0x000002b117747c90 JavaThread "C1 CompilerThread0"         daemon [_thread_blocked, id=9892, stack(0x000000f2eeb00000,0x000000f2eec00000) (1024K)]
  0x000002b1741092f0 JavaThread "Common-Cleaner"             daemon [_thread_blocked, id=15988, stack(0x000000f2eec00000,0x000000f2eed00000) (1024K)]
  0x000002b1742adab0 JavaThread "Notification Thread"        daemon [_thread_blocked, id=3236, stack(0x000000f2eed00000,0x000000f2eee00000) (1024K)]
  0x000002b1747baec0 JavaThread "Active Thread: Equinox Container: 340e92d6-7ea9-4b43-a180-5cd99796b458"        [_thread_blocked, id=13532, stack(0x000000f2eee00000,0x000000f2eef00000) (1024K)]
  0x000002b17477b830 JavaThread "Refresh Thread: Equinox Container: 340e92d6-7ea9-4b43-a180-5cd99796b458" daemon [_thread_blocked, id=4600, stack(0x000000f2ef200000,0x000000f2ef300000) (1024K)]
  0x000002b174ad5950 JavaThread "Framework Event Dispatcher: Equinox Container: 340e92d6-7ea9-4b43-a180-5cd99796b458" daemon [_thread_blocked, id=9944, stack(0x000000f2ef300000,0x000000f2ef400000) (1024K)]
  0x000002b174ad5fb0 JavaThread "Start Level: Equinox Container: 340e92d6-7ea9-4b43-a180-5cd99796b458" daemon [_thread_blocked, id=13444, stack(0x000000f2ef400000,0x000000f2ef500000) (1024K)]
  0x000002b174ec2930 JavaThread "Bundle File Closer"         daemon [_thread_blocked, id=2884, stack(0x000000f2ef600000,0x000000f2ef700000) (1024K)]
  0x000002b174ed84b0 JavaThread "SCR Component Actor"        daemon [_thread_blocked, id=9692, stack(0x000000f2ef700000,0x000000f2ef800000) (1024K)]
  0x000002b174cd4a60 JavaThread "Worker-JM"                         [_thread_blocked, id=7576, stack(0x000000f2ef500000,0x000000f2ef600000) (1024K)]
  0x000002b1744cab90 JavaThread "JNA Cleaner"                daemon [_thread_blocked, id=5924, stack(0x000000f2ef800000,0x000000f2ef900000) (1024K)]
  0x000002b174649090 JavaThread "Worker-0"                          [_thread_blocked, id=15364, stack(0x000000f2ef900000,0x000000f2efa00000) (1024K)]
  0x000002b174649720 JavaThread "Worker-1"                          [_thread_blocked, id=14212, stack(0x000000f2efa00000,0x000000f2efb00000) (1024K)]
  0x000002b17464b160 JavaThread "Java indexing"              daemon [_thread_in_Java, id=448, stack(0x000000f2efc00000,0x000000f2efd00000) (1024K)]
  0x000002b17464b7f0 JavaThread "Worker-2: Java indexing... "        [_thread_blocked, id=6812, stack(0x000000f2efd00000,0x000000f2efe00000) (1024K)]
  0x000002b17464a440 JavaThread "Worker-3"                          [_thread_blocked, id=10276, stack(0x000000f2f0000000,0x000000f2f0100000) (1024K)]
  0x000002b17464aad0 JavaThread "Worker-4: Check JDK Index"         [_thread_blocked, id=11224, stack(0x000000f2f0100000,0x000000f2f0200000) (1024K)]
  0x000002b17464be80 JavaThread "Thread-1"                   daemon [_thread_in_native, id=8628, stack(0x000000f2f0200000,0x000000f2f0300000) (1024K)]
  0x000002b174649db0 JavaThread "Thread-2"                   daemon [_thread_in_native, id=15776, stack(0x000000f2f0300000,0x000000f2f0400000) (1024K)]
  0x000002b174648a00 JavaThread "Thread-3"                   daemon [_thread_in_native, id=13544, stack(0x000000f2f0400000,0x000000f2f0500000) (1024K)]
  0x000002b177799020 JavaThread "Thread-4"                   daemon [_thread_in_native, id=10812, stack(0x000000f2f0500000,0x000000f2f0600000) (1024K)]
  0x000002b17779be10 JavaThread "Thread-5"                   daemon [_thread_in_native, id=9264, stack(0x000000f2f0600000,0x000000f2f0700000) (1024K)]
  0x000002b177796f50 JavaThread "pool-2-thread-1"                   [_thread_blocked, id=14648, stack(0x000000f2f0700000,0x000000f2f0800000) (1024K)]
  0x000002b1777968c0 JavaThread "WorkspaceEventsHandler"            [_thread_blocked, id=8552, stack(0x000000f2f0800000,0x000000f2f0900000) (1024K)]
  0x000002b177795ba0 JavaThread "pool-1-thread-1"                   [_thread_blocked, id=10176, stack(0x000000f2f0900000,0x000000f2f0a00000) (1024K)]
=>0x000002b1745982f0 JavaThread "C2 CompilerThread1"         daemon [_thread_in_native, id=15692, stack(0x000000f2efb00000,0x000000f2efc00000) (1024K)]
  0x000002b1777975e0 JavaThread "ForkJoinPool.commonPool-worker-1" daemon [_thread_blocked, id=12804, stack(0x000000f2f0a00000,0x000000f2f0b00000) (1024K)]
  0x000002b177798300 JavaThread "Worker-5"                          [_thread_blocked, id=9116, stack(0x000000f2f0b00000,0x000000f2f0c00000) (1024K)]
  0x000002b17779aa60 JavaThread "ForkJoinPool.commonPool-worker-2" daemon [_thread_blocked, id=11396, stack(0x000000f2f1100000,0x000000f2f1200000) (1024K)]
  0x000002b17779b0f0 JavaThread "ForkJoinPool.commonPool-worker-3" daemon [_thread_blocked, id=8760, stack(0x000000f2f1200000,0x000000f2f1300000) (1024K)]
  0x000002b177798990 JavaThread "Worker-6"                          [_thread_blocked, id=8836, stack(0x000000f2f0c00000,0x000000f2f0d00000) (1024K)]
  0x000002b177796230 JavaThread "Compiler Source File Reader" daemon [_thread_blocked, id=14852, stack(0x000000f2f0d00000,0x000000f2f0e00000) (1024K)]
  0x000002b17779b780 JavaThread "Compiler Processing Task"   daemon [_thread_blocked, id=9496, stack(0x000000f2f0e00000,0x000000f2f0f00000) (1024K)]
Total: 41

Other Threads:
  0x000002b11789fd90 VMThread "VM Thread"                           [id=2920, stack(0x000000f2ee300000,0x000000f2ee400000) (1024K)]
  0x000002b11784bd10 WatcherThread "VM Periodic Task Thread"        [id=4700, stack(0x000000f2ee200000,0x000000f2ee300000) (1024K)]
  0x000002b1177fed40 WorkerThread "GC Thread#0"                     [id=11860, stack(0x000000f2ee100000,0x000000f2ee200000) (1024K)]
  0x000002b1746f7e50 WorkerThread "GC Thread#1"                     [id=3244, stack(0x000000f2eef00000,0x000000f2ef000000) (1024K)]
  0x000002b174b2b220 WorkerThread "GC Thread#2"                     [id=10672, stack(0x000000f2ef000000,0x000000f2ef100000) (1024K)]
  0x000002b174b2b5c0 WorkerThread "GC Thread#3"                     [id=9660, stack(0x000000f2ef100000,0x000000f2ef200000) (1024K)]
Total: 6

Threads with active compile tasks:
C2 CompilerThread0  37399 12724   !   4       org.eclipse.jdt.internal.core.search.indexing.BinaryIndexer::indexDocument (1172 bytes)
C2 CompilerThread1  37399 12730 %     4       org.eclipse.jdt.internal.core.util.Util::quickSort @ 19 (107 bytes)
Total: 2

VM state: not at safepoint (normal execution)

VM Mutex/Monitor currently owned by a thread: None

Heap address: 0x0000000080000000, size: 2048 MB, Compressed Oops mode: 32-bit

CDS archive(s) mapped at: [0x000002b12f000000-0x000002b12fba0000-0x000002b12fba0000), size 12189696, SharedBaseAddress: 0x000002b12f000000, ArchiveRelocationMode: 1.
Compressed class space mapped at: 0x000002b130000000-0x000002b170000000, reserved size: 1073741824
Narrow klass base: 0x000002b12f000000, Narrow klass shift: 0, Narrow klass range: 0x100000000

GC Precious Log:
 CardTable entry size: 512
 CPUs: 4 total, 4 available
 Memory: 16229M
 Large Page Support: Disabled
 NUMA Support: Disabled
 Compressed Oops: Enabled (32-bit)
 Alignments: Space 512K, Generation 512K, Heap 2M
 Heap Min Capacity: 100M
 Heap Initial Capacity: 100M
 Heap Max Capacity: 2G
 Pre-touch: Disabled
 Parallel Workers: 4

Heap:
 PSYoungGen      total 9216K, used 8203K [0x00000000d5580000, 0x00000000d6580000, 0x0000000100000000)
  eden space 6656K, 89% used [0x00000000d5580000,0x00000000d5b54218,0x00000000d5c00000)
  from space 2560K, 87% used [0x00000000d5c00000,0x00000000d5e2ec48,0x00000000d5e80000)
  to   space 4096K, 0% used [0x00000000d6180000,0x00000000d6180000,0x00000000d6580000)
 ParOldGen       total 377344K, used 377248K [0x0000000080000000, 0x0000000097080000, 0x00000000d5580000)
  object space 377344K, 99% used [0x0000000080000000,0x00000000970683a8,0x0000000097080000)
 Metaspace       used 67217K, committed 68864K, reserved 1114112K
  class space    used 7058K, committed 7808K, reserved 1048576K

Card table byte_map: [0x000002b117190000,0x000002b1175a0000] _byte_map_base: 0x000002b116d90000

Marking Bits: (ParMarkBitMap*) 0x00007ffc27342460
 Begin Bits: [0x000002b129ca0000, 0x000002b12bca0000)
 End Bits:   [0x000002b12bca0000, 0x000002b12dca0000)

Polling page: 0x000002b115550000

Metaspace:

Usage:
  Non-class:     58.75 MB used.
      Class:      6.89 MB used.
       Both:     65.64 MB used.

Virtual space:
  Non-class space:       64.00 MB reserved,      59.62 MB ( 93%) committed,  1 nodes.
      Class space:        1.00 GB reserved,       7.62 MB ( <1%) committed,  1 nodes.
             Both:        1.06 GB reserved,      67.25 MB (  6%) committed. 

Chunk freelists:
   Non-Class:  3.71 MB
       Class:  8.44 MB
        Both:  12.14 MB

MaxMetaspaceSize: unlimited
CompressedClassSpaceSize: 1.00 GB
Initial GC threshold: 21.00 MB
Current GC threshold: 97.31 MB
CDS: on
 - commit_granule_bytes: 65536.
 - commit_granule_words: 8192.
 - virtual_space_node_default_size: 8388608.
 - enlarge_chunks_in_place: 1.
 - use_allocation_guard: 0.


Internal statistics:

num_allocs_failed_limit: 11.
num_arena_births: 1342.
num_arena_deaths: 14.
num_vsnodes_births: 2.
num_vsnodes_deaths: 0.
num_space_committed: 1076.
num_space_uncommitted: 0.
num_chunks_returned_to_freelist: 25.
num_chunks_taken_from_freelist: 4617.
num_chunk_merges: 13.
num_chunk_splits: 2796.
num_chunks_enlarged: 1506.
num_inconsistent_stats: 0.

CodeHeap 'non-profiled nmethods': size=120000Kb used=8084Kb max_used=8084Kb free=111915Kb
 bounds [0x000002b1224c0000, 0x000002b122cb0000, 0x000002b1299f0000]
CodeHeap 'profiled nmethods': size=120000Kb used=27065Kb max_used=27065Kb free=92934Kb
 bounds [0x000002b11a9f0000, 0x000002b11c460000, 0x000002b121f20000]
CodeHeap 'non-nmethods': size=5760Kb used=1447Kb max_used=1550Kb free=4312Kb
 bounds [0x000002b121f20000, 0x000002b122190000, 0x000002b1224c0000]
CodeCache: size=245760Kb, used=36596Kb, max_used=36699Kb, free=209161Kb
 total_blobs=12811, nmethods=12045, adapters=670, full_count=0
Compilation: enabled, stopped_count=0, restarted_count=0

Compilation events (20 events):
Event: 36.927 Thread 0x000002b1176d1cf0 nmethod 12648 0x000002b122c99a10 code [0x000002b122c99ba0, 0x000002b122c99c70]
Event: 36.927 Thread 0x000002b1176d1cf0 12679       4       java.util.regex.Matcher::matches (10 bytes)
Event: 36.937 Thread 0x000002b1176d1cf0 nmethod 12679 0x000002b122c99d10 code [0x000002b122c99ee0, 0x000002b122c9a310]
Event: 36.944 Thread 0x000002b1176d1cf0 12722       4       org.eclipse.jdt.internal.compiler.classfmt.ClassFileStruct::i4At (69 bytes)
Event: 36.950 Thread 0x000002b1176d1cf0 nmethod 12722 0x000002b122c9a610 code [0x000002b122c9a7a0, 0x000002b122c9a8d8]
Event: 36.978 Thread 0x000002b1176d1cf0 12723       4       org.eclipse.jdt.internal.core.search.indexing.BinaryIndexer::convertToArrayType (63 bytes)
Event: 36.987 Thread 0x000002b1176d1cf0 nmethod 12723 0x000002b122c9aa10 code [0x000002b122c9abc0, 0x000002b122c9b0a8]
Event: 37.034 Thread 0x000002b1176d1cf0 12724   !   4       org.eclipse.jdt.internal.core.search.indexing.BinaryIndexer::indexDocument (1172 bytes)
Event: 37.080 Thread 0x000002b1745982f0 nmethod 12721 0x000002b122c9b210 code [0x000002b122c9bb00, 0x000002b122ca0bc0]
Event: 37.087 Thread 0x000002b1745982f0 12725  s    4       sun.nio.ch.ChannelInputStream::read (77 bytes)
Event: 37.098 Thread 0x000002b1745982f0 nmethod 12725 0x000002b122ca2e90 code [0x000002b122ca3080, 0x000002b122ca38b8]
Event: 37.190 Thread 0x000002b1745982f0 12726 %     4       org.eclipse.jdt.internal.compiler.util.SimpleLookupTable::rehash @ 23 (86 bytes)
Event: 37.208 Thread 0x000002b117747c90 12727 %     3       org.eclipse.jdt.internal.core.index.DiskIndex::computeDocumentNames @ 101 (607 bytes)
Event: 37.208 Thread 0x000002b1745982f0 nmethod 12726% 0x000002b122ca3e10 code [0x000002b122ca4040, 0x000002b122ca4b18]
Event: 37.212 Thread 0x000002b117747c90 nmethod 12727% 0x000002b11c444b90 code [0x000002b11c444fe0, 0x000002b11c447718]
Event: 37.212 Thread 0x000002b117747c90 12728       3       org.eclipse.jdt.internal.core.index.DiskIndex::computeDocumentNames (607 bytes)
Event: 37.215 Thread 0x000002b117747c90 nmethod 12728 0x000002b11c448a10 code [0x000002b11c448e40, 0x000002b11c44b318]
Event: 37.222 Thread 0x000002b117747c90 12729       3       org.eclipse.jdt.internal.core.util.Util::quickSort (107 bytes)
Event: 37.223 Thread 0x000002b117747c90 nmethod 12729 0x000002b11c44c490 code [0x000002b11c44c6c0, 0x000002b11c44ced0]
Event: 37.223 Thread 0x000002b1745982f0 12730 %     4       org.eclipse.jdt.internal.core.util.Util::quickSort @ 19 (107 bytes)

GC Heap History (20 events):
Event: 37.110 GC heap before
{Heap before GC invocations=375 (full 3):
 PSYoungGen      total 6656K, used 6512K [0x00000000d5580000, 0x00000000d5e80000, 0x0000000100000000)
  eden space 5120K, 100% used [0x00000000d5580000,0x00000000d5a80000,0x00000000d5a80000)
  from space 1536K, 90% used [0x00000000d5a80000,0x00000000d5bdc000,0x00000000d5c00000)
  to   space 1536K, 0% used [0x00000000d5d00000,0x00000000d5d00000,0x00000000d5e80000)
 ParOldGen       total 355328K, used 355218K [0x0000000080000000, 0x0000000095b00000, 0x00000000d5580000)
  object space 355328K, 99% used [0x0000000080000000,0x0000000095ae4aa0,0x0000000095b00000)
 Metaspace       used 67205K, committed 68864K, reserved 1114112K
  class space    used 7057K, committed 7808K, reserved 1048576K
}
Event: 37.112 GC heap after
{Heap after GC invocations=375 (full 3):
 PSYoungGen      total 5632K, used 1524K [0x00000000d5580000, 0x00000000d6280000, 0x0000000100000000)
  eden space 4096K, 0% used [0x00000000d5580000,0x00000000d5580000,0x00000000d5980000)
  from space 1536K, 99% used [0x00000000d5d00000,0x00000000d5e7d1f8,0x00000000d5e80000)
  to   space 3584K, 0% used [0x00000000d5980000,0x00000000d5980000,0x00000000d5d00000)
 ParOldGen       total 356864K, used 356644K [0x0000000080000000, 0x0000000095c80000, 0x00000000d5580000)
  object space 356864K, 99% used [0x0000000080000000,0x0000000095c493a8,0x0000000095c80000)
 Metaspace       used 67205K, committed 68864K, reserved 1114112K
  class space    used 7057K, committed 7808K, reserved 1048576K
}
Event: 37.116 GC heap before
{Heap before GC invocations=376 (full 3):
 PSYoungGen      total 5632K, used 5620K [0x00000000d5580000, 0x00000000d6280000, 0x0000000100000000)
  eden space 4096K, 100% used [0x00000000d5580000,0x00000000d5980000,0x00000000d5980000)
  from space 1536K, 99% used [0x00000000d5d00000,0x00000000d5e7d1f8,0x00000000d5e80000)
  to   space 3584K, 0% used [0x00000000d5980000,0x00000000d5980000,0x00000000d5d00000)
 ParOldGen       total 356864K, used 356644K [0x0000000080000000, 0x0000000095c80000, 0x00000000d5580000)
  object space 356864K, 99% used [0x0000000080000000,0x0000000095c493a8,0x0000000095c80000)
 Metaspace       used 67205K, committed 68864K, reserved 1114112K
  class space    used 7057K, committed 7808K, reserved 1048576K
}
Event: 37.119 GC heap after
{Heap after GC invocations=376 (full 3):
 PSYoungGen      total 5632K, used 1340K [0x00000000d5580000, 0x00000000d5e80000, 0x0000000100000000)
  eden space 4096K, 0% used [0x00000000d5580000,0x00000000d5580000,0x00000000d5980000)
  from space 1536K, 87% used [0x00000000d5980000,0x00000000d5acf160,0x00000000d5b00000)
  to   space 2048K, 0% used [0x00000000d5c80000,0x00000000d5c80000,0x00000000d5e80000)
 ParOldGen       total 358400K, used 358116K [0x0000000080000000, 0x0000000095e00000, 0x00000000d5580000)
  object space 358400K, 99% used [0x0000000080000000,0x0000000095db9118,0x0000000095e00000)
 Metaspace       used 67205K, committed 68864K, reserved 1114112K
  class space    used 7057K, committed 7808K, reserved 1048576K
}
Event: 37.123 GC heap before
{Heap before GC invocations=377 (full 3):
 PSYoungGen      total 5632K, used 5436K [0x00000000d5580000, 0x00000000d5e80000, 0x0000000100000000)
  eden space 4096K, 100% used [0x00000000d5580000,0x00000000d5980000,0x00000000d5980000)
  from space 1536K, 87% used [0x00000000d5980000,0x00000000d5acf160,0x00000000d5b00000)
  to   space 2048K, 0% used [0x00000000d5c80000,0x00000000d5c80000,0x00000000d5e80000)
 ParOldGen       total 358400K, used 358116K [0x0000000080000000, 0x0000000095e00000, 0x00000000d5580000)
  object space 358400K, 99% used [0x0000000080000000,0x0000000095db9118,0x0000000095e00000)
 Metaspace       used 67205K, committed 68864K, reserved 1114112K
  class space    used 7057K, committed 7808K, reserved 1048576K
}
Event: 37.125 GC heap after
{Heap after GC invocations=377 (full 3):
 PSYoungGen      total 6656K, used 1431K [0x00000000d5580000, 0x00000000d5e00000, 0x0000000100000000)
  eden space 5120K, 0% used [0x00000000d5580000,0x00000000d5580000,0x00000000d5a80000)
  from space 1536K, 93% used [0x00000000d5c80000,0x00000000d5de5e70,0x00000000d5e00000)
  to   space 1536K, 0% used [0x00000000d5b00000,0x00000000d5b00000,0x00000000d5c80000)
 ParOldGen       total 359424K, used 359402K [0x0000000080000000, 0x0000000095f00000, 0x00000000d5580000)
  object space 359424K, 99% used [0x0000000080000000,0x0000000095efa840,0x0000000095f00000)
 Metaspace       used 67205K, committed 68864K, reserved 1114112K
  class space    used 7057K, committed 7808K, reserved 1048576K
}
Event: 37.130 GC heap before
{Heap before GC invocations=378 (full 3):
 PSYoungGen      total 6656K, used 6533K [0x00000000d5580000, 0x00000000d5e00000, 0x0000000100000000)
  eden space 5120K, 99% used [0x00000000d5580000,0x00000000d5a7b6a0,0x00000000d5a80000)
  from space 1536K, 93% used [0x00000000d5c80000,0x00000000d5de5e70,0x00000000d5e00000)
  to   space 1536K, 0% used [0x00000000d5b00000,0x00000000d5b00000,0x00000000d5c80000)
 ParOldGen       total 359424K, used 359402K [0x0000000080000000, 0x0000000095f00000, 0x00000000d5580000)
  object space 359424K, 99% used [0x0000000080000000,0x0000000095efa840,0x0000000095f00000)
 Metaspace       used 67205K, committed 68864K, reserved 1114112K
  class space    used 7057K, committed 7808K, reserved 1048576K
}
Event: 37.132 GC heap after
{Heap after GC invocations=378 (full 3):
 PSYoungGen      total 7168K, used 1526K [0x00000000d5580000, 0x00000000d6380000, 0x0000000100000000)
  eden space 5632K, 0% used [0x00000000d5580000,0x00000000d5580000,0x00000000d5b00000)
  from space 1536K, 99% used [0x00000000d5b00000,0x00000000d5c7d910,0x00000000d5c80000)
  to   space 4096K, 0% used [0x00000000d5f80000,0x00000000d5f80000,0x00000000d6380000)
 ParOldGen       total 361472K, used 361196K [0x0000000080000000, 0x0000000096100000, 0x00000000d5580000)
  object space 361472K, 99% used [0x0000000080000000,0x00000000960bb130,0x0000000096100000)
 Metaspace       used 67205K, committed 68864K, reserved 1114112K
  class space    used 7057K, committed 7808K, reserved 1048576K
}
Event: 37.137 GC heap before
{Heap before GC invocations=379 (full 3):
 PSYoungGen      total 7168K, used 7158K [0x00000000d5580000, 0x00000000d6380000, 0x0000000100000000)
  eden space 5632K, 100% used [0x00000000d5580000,0x00000000d5b00000,0x00000000d5b00000)
  from space 1536K, 99% used [0x00000000d5b00000,0x00000000d5c7d910,0x00000000d5c80000)
  to   space 4096K, 0% used [0x00000000d5f80000,0x00000000d5f80000,0x00000000d6380000)
 ParOldGen       total 361472K, used 361196K [0x0000000080000000, 0x0000000096100000, 0x00000000d5580000)
  object space 361472K, 99% used [0x0000000080000000,0x00000000960bb130,0x0000000096100000)
 Metaspace       used 67205K, committed 68864K, reserved 1114112K
  class space    used 7057K, committed 7808K, reserved 1048576K
}
Event: 37.139 GC heap after
{Heap after GC invocations=379 (full 3):
 PSYoungGen      total 10240K, used 2170K [0x00000000d5580000, 0x00000000d6280000, 0x0000000100000000)
  eden space 7168K, 0% used [0x00000000d5580000,0x00000000d5580000,0x00000000d5c80000)
  from space 3072K, 70% used [0x00000000d5f80000,0x00000000d619ebc8,0x00000000d6280000)
  to   space 3072K, 0% used [0x00000000d5c80000,0x00000000d5c80000,0x00000000d5f80000)
 ParOldGen       total 363008K, used 362702K [0x0000000080000000, 0x0000000096280000, 0x00000000d5580000)
  object space 363008K, 99% used [0x0000000080000000,0x00000000962339c8,0x0000000096280000)
 Metaspace       used 67205K, committed 68864K, reserved 1114112K
  class space    used 7057K, committed 7808K, reserved 1048576K
}
Event: 37.146 GC heap before
{Heap before GC invocations=380 (full 3):
 PSYoungGen      total 10240K, used 9338K [0x00000000d5580000, 0x00000000d6280000, 0x0000000100000000)
  eden space 7168K, 100% used [0x00000000d5580000,0x00000000d5c80000,0x00000000d5c80000)
  from space 3072K, 70% used [0x00000000d5f80000,0x00000000d619ebc8,0x00000000d6280000)
  to   space 3072K, 0% used [0x00000000d5c80000,0x00000000d5c80000,0x00000000d5f80000)
 ParOldGen       total 363008K, used 362702K [0x0000000080000000, 0x0000000096280000, 0x00000000d5580000)
  object space 363008K, 99% used [0x0000000080000000,0x00000000962339c8,0x0000000096280000)
 Metaspace       used 67205K, committed 68864K, reserved 1114112K
  class space    used 7057K, committed 7808K, reserved 1048576K
}
Event: 37.149 GC heap after
{Heap after GC invocations=380 (full 3):
 PSYoungGen      total 10240K, used 2722K [0x00000000d5580000, 0x00000000d6400000, 0x0000000100000000)
  eden space 7168K, 0% used [0x00000000d5580000,0x00000000d5580000,0x00000000d5c80000)
  from space 3072K, 88% used [0x00000000d5c80000,0x00000000d5f28bf0,0x00000000d5f80000)
  to   space 3072K, 0% used [0x00000000d6100000,0x00000000d6100000,0x00000000d6400000)
 ParOldGen       total 365056K, used 364794K [0x0000000080000000, 0x0000000096480000, 0x00000000d5580000)
  object space 365056K, 99% used [0x0000000080000000,0x000000009643ea30,0x0000000096480000)
 Metaspace       used 67205K, committed 68864K, reserved 1114112K
  class space    used 7057K, committed 7808K, reserved 1048576K
}
Event: 37.157 GC heap before
{Heap before GC invocations=381 (full 3):
 PSYoungGen      total 10240K, used 9890K [0x00000000d5580000, 0x00000000d6400000, 0x0000000100000000)
  eden space 7168K, 100% used [0x00000000d5580000,0x00000000d5c80000,0x00000000d5c80000)
  from space 3072K, 88% used [0x00000000d5c80000,0x00000000d5f28bf0,0x00000000d5f80000)
  to   space 3072K, 0% used [0x00000000d6100000,0x00000000d6100000,0x00000000d6400000)
 ParOldGen       total 365056K, used 364794K [0x0000000080000000, 0x0000000096480000, 0x00000000d5580000)
  object space 365056K, 99% used [0x0000000080000000,0x000000009643ea30,0x0000000096480000)
 Metaspace       used 67205K, committed 68864K, reserved 1114112K
  class space    used 7057K, committed 7808K, reserved 1048576K
}
Event: 37.160 GC heap after
{Heap after GC invocations=381 (full 3):
 PSYoungGen      total 11776K, used 2859K [0x00000000d5580000, 0x00000000d6400000, 0x0000000100000000)
  eden space 8704K, 0% used [0x00000000d5580000,0x00000000d5580000,0x00000000d5e00000)
  from space 3072K, 93% used [0x00000000d6100000,0x00000000d63cac48,0x00000000d6400000)
  to   space 3072K, 0% used [0x00000000d5e00000,0x00000000d5e00000,0x00000000d6100000)
 ParOldGen       total 367616K, used 367439K [0x0000000080000000, 0x0000000096700000, 0x00000000d5580000)
  object space 367616K, 99% used [0x0000000080000000,0x00000000966d3f40,0x0000000096700000)
 Metaspace       used 67205K, committed 68864K, reserved 1114112K
  class space    used 7057K, committed 7808K, reserved 1048576K
}
Event: 37.167 GC heap before
{Heap before GC invocations=382 (full 3):
 PSYoungGen      total 11776K, used 11563K [0x00000000d5580000, 0x00000000d6400000, 0x0000000100000000)
  eden space 8704K, 100% used [0x00000000d5580000,0x00000000d5e00000,0x00000000d5e00000)
  from space 3072K, 93% used [0x00000000d6100000,0x00000000d63cac48,0x00000000d6400000)
  to   space 3072K, 0% used [0x00000000d5e00000,0x00000000d5e00000,0x00000000d6100000)
 ParOldGen       total 367616K, used 367439K [0x0000000080000000, 0x0000000096700000, 0x00000000d5580000)
  object space 367616K, 99% used [0x0000000080000000,0x00000000966d3f40,0x0000000096700000)
 Metaspace       used 67205K, committed 68864K, reserved 1114112K
  class space    used 7057K, committed 7808K, reserved 1048576K
}
Event: 37.170 GC heap after
{Heap after GC invocations=382 (full 3):
 PSYoungGen      total 11776K, used 3049K [0x00000000d5580000, 0x00000000d6700000, 0x0000000100000000)
  eden space 8704K, 0% used [0x00000000d5580000,0x00000000d5580000,0x00000000d5e00000)
  from space 3072K, 99% used [0x00000000d5e00000,0x00000000d60fa760,0x00000000d6100000)
  to   space 3584K, 0% used [0x00000000d6380000,0x00000000d6380000,0x00000000d6700000)
 ParOldGen       total 371200K, used 370735K [0x0000000080000000, 0x0000000096a80000, 0x00000000d5580000)
  object space 371200K, 99% used [0x0000000080000000,0x0000000096a0be48,0x0000000096a80000)
 Metaspace       used 67205K, committed 68864K, reserved 1114112K
  class space    used 7057K, committed 7808K, reserved 1048576K
}
Event: 37.178 GC heap before
{Heap before GC invocations=383 (full 3):
 PSYoungGen      total 11776K, used 11750K [0x00000000d5580000, 0x00000000d6700000, 0x0000000100000000)
  eden space 8704K, 99% used [0x00000000d5580000,0x00000000d5dff388,0x00000000d5e00000)
  from space 3072K, 99% used [0x00000000d5e00000,0x00000000d60fa760,0x00000000d6100000)
  to   space 3584K, 0% used [0x00000000d6380000,0x00000000d6380000,0x00000000d6700000)
 ParOldGen       total 371200K, used 370735K [0x0000000080000000, 0x0000000096a80000, 0x00000000d5580000)
  object space 371200K, 99% used [0x0000000080000000,0x0000000096a0be48,0x0000000096a80000)
 Metaspace       used 67205K, committed 68864K, reserved 1114112K
  class space    used 7057K, committed 7808K, reserved 1048576K
}
Event: 37.181 GC heap after
{Heap after GC invocations=383 (full 3):
 PSYoungGen      total 10240K, used 3561K [0x00000000d5580000, 0x00000000d6f00000, 0x0000000100000000)
  eden space 6656K, 0% used [0x00000000d5580000,0x00000000d5580000,0x00000000d5c00000)
  from space 3584K, 99% used [0x00000000d6380000,0x00000000d66fa5b0,0x00000000d6700000)
  to   space 7680K, 0% used [0x00000000d5c00000,0x00000000d5c00000,0x00000000d6380000)
 ParOldGen       total 373760K, used 373749K [0x0000000080000000, 0x0000000096d00000, 0x00000000d5580000)
  object space 373760K, 99% used [0x0000000080000000,0x0000000096cfd628,0x0000000096d00000)
 Metaspace       used 67205K, committed 68864K, reserved 1114112K
  class space    used 7057K, committed 7808K, reserved 1048576K
}
Event: 37.193 GC heap before
{Heap before GC invocations=384 (full 3):
 PSYoungGen      total 10240K, used 10119K [0x00000000d5580000, 0x00000000d6f00000, 0x0000000100000000)
  eden space 6656K, 98% used [0x00000000d5580000,0x00000000d5be7700,0x00000000d5c00000)
  from space 3584K, 99% used [0x00000000d6380000,0x00000000d66fa5b0,0x00000000d6700000)
  to   space 7680K, 0% used [0x00000000d5c00000,0x00000000d5c00000,0x00000000d6380000)
 ParOldGen       total 373760K, used 373749K [0x0000000080000000, 0x0000000096d00000, 0x00000000d5580000)
  object space 373760K, 99% used [0x0000000080000000,0x0000000096cfd628,0x0000000096d00000)
 Metaspace       used 67205K, committed 68864K, reserved 1114112K
  class space    used 7057K, committed 7808K, reserved 1048576K
}
Event: 37.198 GC heap after
{Heap after GC invocations=384 (full 3):
 PSYoungGen      total 9216K, used 2235K [0x00000000d5580000, 0x00000000d6580000, 0x0000000100000000)
  eden space 6656K, 0% used [0x00000000d5580000,0x00000000d5580000,0x00000000d5c00000)
  from space 2560K, 87% used [0x00000000d5c00000,0x00000000d5e2ec48,0x00000000d5e80000)
  to   space 4096K, 0% used [0x00000000d6180000,0x00000000d6180000,0x00000000d6580000)
 ParOldGen       total 377344K, used 377248K [0x0000000080000000, 0x0000000097080000, 0x00000000d5580000)
  object space 377344K, 99% used [0x0000000080000000,0x00000000970683a8,0x0000000097080000)
 Metaspace       used 67205K, committed 68864K, reserved 1114112K
  class space    used 7057K, committed 7808K, reserved 1048576K
}

Dll operation events (10 events):
Event: 0.021 Loaded shared library c:\Users\mr chou\.cursor\extensions\redhat.java-1.50.0-win32-x64\jre\21.0.9-win32-x86_64\bin\java.dll
Event: 0.282 Loaded shared library c:\Users\mr chou\.cursor\extensions\redhat.java-1.50.0-win32-x64\jre\21.0.9-win32-x86_64\bin\zip.dll
Event: 0.363 Loaded shared library C:\Users\mr chou\.cursor\extensions\redhat.java-1.50.0-win32-x64\jre\21.0.9-win32-x86_64\bin\instrument.dll
Event: 0.372 Loaded shared library C:\Users\mr chou\.cursor\extensions\redhat.java-1.50.0-win32-x64\jre\21.0.9-win32-x86_64\bin\net.dll
Event: 0.375 Loaded shared library C:\Users\mr chou\.cursor\extensions\redhat.java-1.50.0-win32-x64\jre\21.0.9-win32-x86_64\bin\nio.dll
Event: 0.417 Loaded shared library C:\Users\mr chou\.cursor\extensions\redhat.java-1.50.0-win32-x64\jre\21.0.9-win32-x86_64\bin\zip.dll
Event: 0.442 Loaded shared library C:\Users\mr chou\.cursor\extensions\redhat.java-1.50.0-win32-x64\jre\21.0.9-win32-x86_64\bin\jimage.dll
Event: 0.839 Loaded shared library c:\Users\mr chou\.cursor\extensions\redhat.java-1.50.0-win32-x64\jre\21.0.9-win32-x86_64\bin\verify.dll
Event: 4.067 Loaded shared library C:\Users\mr chou\AppData\Roaming\Cursor\User\globalStorage\redhat.java\1.50.0\config_win\org.eclipse.equinox.launcher\org.eclipse.equinox.launcher.win32.win32.x86_64_1.2.1400.v20250801-0854\eclipse_11916.dll
Event: 7.061 Loaded shared library C:\Users\mr chou\AppData\Local\Temp\jna-1249982118\jna865081495469545006.dll

Deoptimization events (20 events):
Event: 36.907 Thread 0x000002b17464a440 Uncommon trap: trap_request=0xffffffc6 fr.pc=0x000002b122625994 relative=0x00000000000001f4
Event: 36.907 Thread 0x000002b17464a440 Uncommon trap: reason=bimorphic_or_optimized_type_check action=maybe_recompile pc=0x000002b122625994 method=java.util.Collections.eq(Ljava/lang/Object;Ljava/lang/Object;)Z @ 18 c2
Event: 36.907 Thread 0x000002b17464a440 DEOPT PACKING pc=0x000002b122625994 sp=0x000000f2f00fe8e0
Event: 36.907 Thread 0x000002b17464a440 DEOPT UNPACKING pc=0x000002b121f73aa2 sp=0x000000f2f00fe820 mode 2
Event: 36.907 Thread 0x000002b17464a440 Uncommon trap: trap_request=0xffffffd6 fr.pc=0x000002b122c11964 relative=0x0000000000000404
Event: 36.907 Thread 0x000002b17464a440 Uncommon trap: reason=array_check action=maybe_recompile pc=0x000002b122c11964 method=java.util.TimSort.binarySort([Ljava/lang/Object;IIILjava/util/Comparator;)V @ 215 c2
Event: 36.907 Thread 0x000002b17464a440 DEOPT PACKING pc=0x000002b122c11964 sp=0x000000f2f00fe7a0
Event: 36.907 Thread 0x000002b17464a440 DEOPT UNPACKING pc=0x000002b121f73aa2 sp=0x000000f2f00fe738 mode 2
Event: 36.907 Thread 0x000002b17464a440 Uncommon trap: trap_request=0xffffffc6 fr.pc=0x000002b122625994 relative=0x00000000000001f4
Event: 36.907 Thread 0x000002b17464a440 Uncommon trap: reason=bimorphic_or_optimized_type_check action=maybe_recompile pc=0x000002b122625994 method=java.util.Collections.eq(Ljava/lang/Object;Ljava/lang/Object;)Z @ 18 c2
Event: 36.907 Thread 0x000002b17464a440 DEOPT PACKING pc=0x000002b122625994 sp=0x000000f2f00fea40
Event: 36.907 Thread 0x000002b17464a440 DEOPT UNPACKING pc=0x000002b121f73aa2 sp=0x000000f2f00fe980 mode 2
Event: 36.908 Thread 0x000002b17464a440 Uncommon trap: trap_request=0xffffffd6 fr.pc=0x000002b122c11964 relative=0x0000000000000404
Event: 36.908 Thread 0x000002b17464a440 Uncommon trap: reason=array_check action=maybe_recompile pc=0x000002b122c11964 method=java.util.TimSort.binarySort([Ljava/lang/Object;IIILjava/util/Comparator;)V @ 215 c2
Event: 36.908 Thread 0x000002b17464a440 DEOPT PACKING pc=0x000002b122c11964 sp=0x000000f2f00fe640
Event: 36.908 Thread 0x000002b17464a440 DEOPT UNPACKING pc=0x000002b121f73aa2 sp=0x000000f2f00fe5d8 mode 2
Event: 36.908 Thread 0x000002b17464a440 Uncommon trap: trap_request=0xffffffd6 fr.pc=0x000002b122c11964 relative=0x0000000000000404
Event: 36.908 Thread 0x000002b17464a440 Uncommon trap: reason=array_check action=maybe_recompile pc=0x000002b122c11964 method=java.util.TimSort.binarySort([Ljava/lang/Object;IIILjava/util/Comparator;)V @ 215 c2
Event: 36.908 Thread 0x000002b17464a440 DEOPT PACKING pc=0x000002b122c11964 sp=0x000000f2f00fe6b0
Event: 36.908 Thread 0x000002b17464a440 DEOPT UNPACKING pc=0x000002b121f73aa2 sp=0x000000f2f00fe648 mode 2

Classes loaded (20 events):
Event: 35.238 Loading class java/util/concurrent/ArrayBlockingQueue
Event: 35.239 Loading class java/util/concurrent/ArrayBlockingQueue done
Event: 35.813 Loading class sun/nio/ch/ChannelOutputStream
Event: 35.813 Loading class sun/nio/ch/ChannelOutputStream done
Event: 35.898 Loading class java/util/stream/DistinctOps
Event: 35.898 Loading class java/util/stream/DistinctOps done
Event: 35.898 Loading class java/util/stream/DistinctOps$1
Event: 35.898 Loading class java/util/stream/DistinctOps$1 done
Event: 35.924 Loading class java/util/stream/DistinctOps$1$2
Event: 35.924 Loading class java/util/stream/DistinctOps$1$2 done
Event: 36.633 Loading class java/nio/BufferMismatch
Event: 36.633 Loading class java/nio/BufferMismatch done
Event: 36.634 Loading class java/nio/file/attribute/PosixFileAttributes
Event: 36.634 Loading class java/nio/file/attribute/PosixFileAttributes done
Event: 36.754 Loading class java/util/AbstractList$RandomAccessSubList
Event: 36.754 Loading class java/util/AbstractList$SubList
Event: 36.755 Loading class java/util/AbstractList$SubList done
Event: 36.755 Loading class java/util/AbstractList$RandomAccessSubList done
Event: 36.755 Loading class java/util/AbstractList$SubList$1
Event: 36.755 Loading class java/util/AbstractList$SubList$1 done

Classes unloaded (7 events):
Event: 8.063 Thread 0x000002b11789fd90 Unloading class 0x000002b1301a3000 'java/lang/invoke/LambdaForm$MH+0x000002b1301a3000'
Event: 8.063 Thread 0x000002b11789fd90 Unloading class 0x000002b1301a2c00 'java/lang/invoke/LambdaForm$MH+0x000002b1301a2c00'
Event: 8.063 Thread 0x000002b11789fd90 Unloading class 0x000002b1301a2800 'java/lang/invoke/LambdaForm$MH+0x000002b1301a2800'
Event: 8.063 Thread 0x000002b11789fd90 Unloading class 0x000002b1301a2400 'java/lang/invoke/LambdaForm$MH+0x000002b1301a2400'
Event: 8.063 Thread 0x000002b11789fd90 Unloading class 0x000002b1301a2000 'java/lang/invoke/LambdaForm$BMH+0x000002b1301a2000'
Event: 8.063 Thread 0x000002b11789fd90 Unloading class 0x000002b1301a1c00 'java/lang/invoke/LambdaForm$DMH+0x000002b1301a1c00'
Event: 8.063 Thread 0x000002b11789fd90 Unloading class 0x000002b1301a0800 'java/lang/invoke/LambdaForm$DMH+0x000002b1301a0800'

Classes redefined (0 events):
No events

Internal exceptions (20 events):
Event: 32.784 Thread 0x000002b1777975e0 Implicit null exception at 0x000002b12283a6c6 to 0x000002b12283a70f
Event: 32.963 Thread 0x000002b17464a440 Exception <a 'sun/nio/fs/WindowsException'{0x00000000d57c43b8}> (0x00000000d57c43b8) 
thrown [s\src\hotspot\share\prims\jni.cpp, line 520]
Event: 32.963 Thread 0x000002b17464a440 Exception <a 'sun/nio/fs/WindowsException'{0x00000000d57c4c50}> (0x00000000d57c4c50) 
thrown [s\src\hotspot\share\prims\jni.cpp, line 520]
Event: 33.008 Thread 0x000002b174649090 Exception <a 'sun/nio/fs/WindowsException'{0x00000000d56cb960}> (0x00000000d56cb960) 
thrown [s\src\hotspot\share\prims\jni.cpp, line 520]
Event: 33.008 Thread 0x000002b174649090 Exception <a 'sun/nio/fs/WindowsException'{0x00000000d56cbf90}> (0x00000000d56cbf90) 
thrown [s\src\hotspot\share\prims\jni.cpp, line 520]
Event: 33.025 Thread 0x000002b1777975e0 Exception <a 'java/lang/LinkageError'{0x00000000d5a5f9a8}: loader lombok.launch.ShadowClassLoader @66a451fc attempted duplicate class definition for lombok.launch.PatchFixesHider$Val. (lombok.launch.PatchFixesHider$Val is in unnamed module of loader lombok.launch.ShadowClassLoader @66a451fc, parent loader org.eclipse.osgi.internal.loader.EquinoxClassLoader @e2f3308)> (0x00000000d5a5f9a8) 
thrown [s\src\hotspot\share\classfile\systemDictionary.cpp, line 1682]
Event: 33.145 Thread 0x000002b1777975e0 Exception <a 'java/lang/NoSuchMethodError'{0x00000000d55c8898}: 'java.lang.Object java.lang.invoke.DirectMethodHandle$Holder.invokeStatic(java.lang.Object, java.lang.Object, int, java.lang.Object, java.lang.Object)'> (0x00000000d55c8898) 
thrown [s\src\hotspot\share\interpreter\linkResolver.cpp, line 773]
Event: 33.147 Thread 0x000002b174649720 Exception <a 'java/lang/NoSuchMethodError'{0x00000000d5603f40}: 'java.lang.Object java.lang.invoke.DirectMethodHandle$Holder.invokeStatic(java.lang.Object, java.lang.Object, int, java.lang.Object, java.lang.Object)'> (0x00000000d5603f40) 
thrown [s\src\hotspot\share\interpreter\linkResolver.cpp, line 773]
Event: 33.347 Thread 0x000002b174649090 Exception <a 'java/lang/NoSuchMethodError'{0x00000000d58c7138}: 'java.lang.Object java.lang.invoke.DirectMethodHandle$Holder.invokeStatic(java.lang.Object, java.lang.Object, int, java.lang.Object)'> (0x00000000d58c7138) 
thrown [s\src\hotspot\share\interpreter\linkResolver.cpp, line 773]
Event: 33.350 Thread 0x000002b174649090 Exception <a 'java/lang/NoSuchMethodError'{0x00000000d58e7310}: 'java.lang.Object java.lang.invoke.DirectMethodHandle$Holder.newInvokeSpecial(java.lang.Object, java.lang.Object, int)'> (0x00000000d58e7310) 
thrown [s\src\hotspot\share\interpreter\linkResolver.cpp, line 773]
Event: 33.891 Thread 0x000002b17464a440 Exception <a 'java/io/FileNotFoundException'{0x00000000d579a640}> (0x00000000d579a640) 
thrown [s\src\hotspot\share\prims\jni.cpp, line 520]
Event: 33.892 Thread 0x000002b17464a440 Exception <a 'java/io/FileNotFoundException'{0x00000000d57b7048}> (0x00000000d57b7048) 
thrown [s\src\hotspot\share\prims\jni.cpp, line 520]
Event: 33.892 Thread 0x000002b17464a440 Exception <a 'java/io/FileNotFoundException'{0x00000000d57ba198}> (0x00000000d57ba198) 
thrown [s\src\hotspot\share\prims\jni.cpp, line 520]
Event: 35.130 Thread 0x000002b1777975e0 Implicit null exception at 0x000002b12283a3da to 0x000002b12283a433
Event: 35.925 Thread 0x000002b17464a440 Exception <a 'java/lang/NoSuchMethodError'{0x00000000d558c530}: 'java.lang.Object java.lang.invoke.DirectMethodHandle$Holder.newInvokeSpecial(java.lang.Object, java.lang.Object, int, java.lang.Object, java.lang.Object)'> (0x00000000d558c530) 
thrown [s\src\hotspot\share\interpreter\linkResolver.cpp, line 773]
Event: 35.937 Thread 0x000002b17464a440 Exception <a 'java/lang/NoSuchMethodError'{0x00000000d57227f8}: 'java.lang.Object java.lang.invoke.DirectMethodHandle$Holder.invokeSpecial(java.lang.Object, java.lang.Object, java.lang.Object, int, java.lang.Object, java.lang.Object, java.lang.Object)'> (0x00000000d57227f8) 
thrown [s\src\hotspot\share\interpreter\linkResolver.cpp, line 773]
Event: 35.991 Thread 0x000002b17464a440 Exception <a 'java/lang/NoSuchMethodError'{0x00000000d584a4f0}: 'void java.lang.invoke.DirectMethodHandle$Holder.invokeStatic(java.lang.Object, int)'> (0x00000000d584a4f0) 
thrown [s\src\hotspot\share\interpreter\linkResolver.cpp, line 773]
Event: 36.114 Thread 0x000002b17464a440 Exception <a 'java/io/FileNotFoundException'{0x00000000d5610008}> (0x00000000d5610008) 
thrown [s\src\hotspot\share\prims\jni.cpp, line 520]
Event: 36.115 Thread 0x000002b17464a440 Exception <a 'java/io/FileNotFoundException'{0x00000000d56112c0}> (0x00000000d56112c0) 
thrown [s\src\hotspot\share\prims\jni.cpp, line 520]
Event: 36.115 Thread 0x000002b17464a440 Exception <a 'java/io/FileNotFoundException'{0x00000000d56122d0}> (0x00000000d56122d0) 
thrown [s\src\hotspot\share\prims\jni.cpp, line 520]

ZGC Phase Switch (0 events):
No events

VM Operations (20 events):
Event: 37.110 Executing VM operation: ParallelGCFailedAllocation (Allocation Failure)
Event: 37.112 Executing VM operation: ParallelGCFailedAllocation (Allocation Failure) done
Event: 37.116 Executing VM operation: ParallelGCFailedAllocation (Allocation Failure)
Event: 37.119 Executing VM operation: ParallelGCFailedAllocation (Allocation Failure) done
Event: 37.122 Executing VM operation: ParallelGCFailedAllocation (Allocation Failure)
Event: 37.125 Executing VM operation: ParallelGCFailedAllocation (Allocation Failure) done
Event: 37.130 Executing VM operation: ParallelGCFailedAllocation (Allocation Failure)
Event: 37.132 Executing VM operation: ParallelGCFailedAllocation (Allocation Failure) done
Event: 37.137 Executing VM operation: ParallelGCFailedAllocation (Allocation Failure)
Event: 37.139 Executing VM operation: ParallelGCFailedAllocation (Allocation Failure) done
Event: 37.146 Executing VM operation: ParallelGCFailedAllocation (Allocation Failure)
Event: 37.149 Executing VM operation: ParallelGCFailedAllocation (Allocation Failure) done
Event: 37.157 Executing VM operation: ParallelGCFailedAllocation (Allocation Failure)
Event: 37.160 Executing VM operation: ParallelGCFailedAllocation (Allocation Failure) done
Event: 37.166 Executing VM operation: ParallelGCFailedAllocation (Allocation Failure)
Event: 37.170 Executing VM operation: ParallelGCFailedAllocation (Allocation Failure) done
Event: 37.178 Executing VM operation: ParallelGCFailedAllocation (Allocation Failure)
Event: 37.181 Executing VM operation: ParallelGCFailedAllocation (Allocation Failure) done
Event: 37.193 Executing VM operation: ParallelGCFailedAllocation (Allocation Failure)
Event: 37.198 Executing VM operation: ParallelGCFailedAllocation (Allocation Failure) done

Memory protections (0 events):
No events

Nmethod flushes (20 events):
Event: 30.101 Thread 0x000002b11789fd90 flushing osr nmethod 0x000002b11b230810
Event: 30.101 Thread 0x000002b11789fd90 flushing osr nmethod 0x000002b11b241210
Event: 30.101 Thread 0x000002b11789fd90 flushing  nmethod 0x000002b11b24a290
Event: 30.101 Thread 0x000002b11789fd90 flushing  nmethod 0x000002b11b25be90
Event: 30.101 Thread 0x000002b11789fd90 flushing  nmethod 0x000002b11b26fe90
Event: 30.101 Thread 0x000002b11789fd90 flushing  nmethod 0x000002b11b270410
Event: 30.101 Thread 0x000002b11789fd90 flushing  nmethod 0x000002b11b272210
Event: 30.101 Thread 0x000002b11789fd90 flushing  nmethod 0x000002b11b272810
Event: 30.101 Thread 0x000002b11789fd90 flushing  nmethod 0x000002b11b272b90
Event: 30.101 Thread 0x000002b11789fd90 flushing  nmethod 0x000002b11b290290
Event: 30.101 Thread 0x000002b11789fd90 flushing  nmethod 0x000002b11b295d10
Event: 30.101 Thread 0x000002b11789fd90 flushing  nmethod 0x000002b11b296310
Event: 30.101 Thread 0x000002b11789fd90 flushing  nmethod 0x000002b11b299810
Event: 30.101 Thread 0x000002b11789fd90 flushing  nmethod 0x000002b11b29b010
Event: 30.101 Thread 0x000002b11789fd90 flushing  nmethod 0x000002b11b29ec90
Event: 30.101 Thread 0x000002b11789fd90 flushing  nmethod 0x000002b11b2af590
Event: 30.101 Thread 0x000002b11789fd90 flushing  nmethod 0x000002b11b2afa90
Event: 30.101 Thread 0x000002b11789fd90 flushing  nmethod 0x000002b11b2b0010
Event: 30.101 Thread 0x000002b11789fd90 flushing osr nmethod 0x000002b11b302010
Event: 30.101 Thread 0x000002b11789fd90 flushing  nmethod 0x000002b11b30cd90

Events (20 events):
Event: 31.537 Thread 0x000002b1777975e0 Thread added: 0x000002b17779aa60
Event: 31.538 Thread 0x000002b174649720 Thread added: 0x000002b17779b0f0
Event: 31.567 Thread 0x000002b177797c70 Thread exited: 0x000002b177797c70
Event: 31.567 Thread 0x000002b177796230 Thread exited: 0x000002b177796230
Event: 31.567 Thread 0x000002b17779a3d0 Thread exited: 0x000002b17779a3d0
Event: 31.567 Thread 0x000002b177798990 Thread exited: 0x000002b177798990
Event: 31.568 Thread 0x000002b177799d40 Thread exited: 0x000002b177799d40
Event: 32.990 Thread 0x000002b177798300 Thread added: 0x000002b177798990
Event: 34.899 Thread 0x000002b17464a440 Thread added: 0x000002b177796230
Event: 35.239 Thread 0x000002b17464a440 Thread added: 0x000002b17779b780
Event: 36.180 Thread 0x000002b17464a440 Thread added: 0x000002b1785cce70
Event: 36.180 Thread 0x000002b17464a440 Thread added: 0x000002b1785d02f0
Event: 36.180 Thread 0x000002b17464a440 Thread added: 0x000002b1785cdb90
Event: 36.180 Thread 0x000002b17464a440 Thread added: 0x000002b1785ce8b0
Event: 36.180 Thread 0x000002b17464a440 Thread added: 0x000002b1785ca080
Event: 36.288 Thread 0x000002b1785ca080 Thread exited: 0x000002b1785ca080
Event: 36.288 Thread 0x000002b1785ce8b0 Thread exited: 0x000002b1785ce8b0
Event: 36.288 Thread 0x000002b1785cce70 Thread exited: 0x000002b1785cce70
Event: 36.288 Thread 0x000002b1785cdb90 Thread exited: 0x000002b1785cdb90
Event: 36.289 Thread 0x000002b1785d02f0 Thread exited: 0x000002b1785d02f0


Dynamic libraries:
0x00007ff75de50000 - 0x00007ff75de5e000 	c:\Users\mr chou\.cursor\extensions\redhat.java-1.50.0-win32-x64\jre\21.0.9-win32-x86_64\bin\java.exe
0x00007ffcb6d10000 - 0x00007ffcb6f08000 	C:\WINDOWS\SYSTEM32\ntdll.dll
0x00007ffcb4d90000 - 0x00007ffcb4e52000 	C:\WINDOWS\System32\KERNEL32.DLL
0x00007ffcb48e0000 - 0x00007ffcb4bd6000 	C:\WINDOWS\System32\KERNELBASE.dll
0x00007ffcb43a0000 - 0x00007ffcb44a0000 	C:\WINDOWS\System32\ucrtbase.dll
0x00007ffcaa6a0000 - 0x00007ffcaa6b8000 	c:\Users\mr chou\.cursor\extensions\redhat.java-1.50.0-win32-x64\jre\21.0.9-win32-x86_64\bin\jli.dll
0x00007ffcb5100000 - 0x00007ffcb52a1000 	C:\WINDOWS\System32\USER32.dll
0x00007ffcb44a0000 - 0x00007ffcb44c2000 	C:\WINDOWS\System32\win32u.dll
0x00007ffcb5590000 - 0x00007ffcb55bb000 	C:\WINDOWS\System32\GDI32.dll
0x00007ffcb47c0000 - 0x00007ffcb48d9000 	C:\WINDOWS\System32\gdi32full.dll
0x00007ffcb4c10000 - 0x00007ffcb4cad000 	C:\WINDOWS\System32\msvcp_win.dll
0x00007ffca6350000 - 0x00007ffca636e000 	c:\Users\mr chou\.cursor\extensions\redhat.java-1.50.0-win32-x64\jre\21.0.9-win32-x86_64\bin\VCRUNTIME140.dll
0x00007ffc9eea0000 - 0x00007ffc9f13b000 	C:\WINDOWS\WinSxS\amd64_microsoft.windows.common-controls_6595b64144ccf1df_6.0.19041.6456_none_60b8a6cb71f64256\COMCTL32.dll
0x00007ffcb6420000 - 0x00007ffcb64be000 	C:\WINDOWS\System32\msvcrt.dll
0x00007ffcb62f0000 - 0x00007ffcb631f000 	C:\WINDOWS\System32\IMM32.DLL
0x00007ffcaa550000 - 0x00007ffcaa55c000 	c:\Users\mr chou\.cursor\extensions\redhat.java-1.50.0-win32-x64\jre\21.0.9-win32-x86_64\bin\vcruntime140_1.dll
0x00007ffc641a0000 - 0x00007ffc6422d000 	c:\Users\mr chou\.cursor\extensions\redhat.java-1.50.0-win32-x64\jre\21.0.9-win32-x86_64\bin\msvcp140.dll
0x00007ffc26680000 - 0x00007ffc27420000 	c:\Users\mr chou\.cursor\extensions\redhat.java-1.50.0-win32-x64\jre\21.0.9-win32-x86_64\bin\server\jvm.dll
0x00007ffcb5020000 - 0x00007ffcb50d1000 	C:\WINDOWS\System32\ADVAPI32.dll
0x00007ffcb64c0000 - 0x00007ffcb655f000 	C:\WINDOWS\System32\sechost.dll
0x00007ffcb4e70000 - 0x00007ffcb4f90000 	C:\WINDOWS\System32\RPCRT4.dll
0x00007ffcb4be0000 - 0x00007ffcb4c07000 	C:\WINDOWS\System32\bcrypt.dll
0x00007ffcb6980000 - 0x00007ffcb69eb000 	C:\WINDOWS\System32\WS2_32.dll
0x00007ffcb4200000 - 0x00007ffcb424b000 	C:\WINDOWS\SYSTEM32\POWRPROF.dll
0x00007ffc9f210000 - 0x00007ffc9f237000 	C:\WINDOWS\SYSTEM32\WINMM.dll
0x00007ffca7f00000 - 0x00007ffca7f0a000 	C:\WINDOWS\SYSTEM32\VERSION.dll
0x00007ffcb41e0000 - 0x00007ffcb41f2000 	C:\WINDOWS\SYSTEM32\UMPDC.dll
0x00007ffcb2c00000 - 0x00007ffcb2c12000 	C:\WINDOWS\SYSTEM32\kernel.appcore.dll
0x00007ffca9cd0000 - 0x00007ffca9cda000 	c:\Users\mr chou\.cursor\extensions\redhat.java-1.50.0-win32-x64\jre\21.0.9-win32-x86_64\bin\jimage.dll
0x00007ffcaf0a0000 - 0x00007ffcaf2a1000 	C:\WINDOWS\SYSTEM32\DBGHELP.DLL
0x00007ffc89a40000 - 0x00007ffc89a74000 	C:\WINDOWS\SYSTEM32\dbgcore.DLL
0x00007ffcb4630000 - 0x00007ffcb46b2000 	C:\WINDOWS\System32\bcryptPrimitives.dll
0x00007ffca9c50000 - 0x00007ffca9c5f000 	c:\Users\mr chou\.cursor\extensions\redhat.java-1.50.0-win32-x64\jre\21.0.9-win32-x86_64\bin\instrument.dll
0x00007ffc9de20000 - 0x00007ffc9de40000 	c:\Users\mr chou\.cursor\extensions\redhat.java-1.50.0-win32-x64\jre\21.0.9-win32-x86_64\bin\java.dll
0x00007ffcb5690000 - 0x00007ffcb5e00000 	C:\WINDOWS\System32\SHELL32.dll
0x00007ffcaf2b0000 - 0x00007ffcafa55000 	C:\WINDOWS\SYSTEM32\windows.storage.dll
0x00007ffcb6620000 - 0x00007ffcb6974000 	C:\WINDOWS\System32\combase.dll
0x00007ffcb3d60000 - 0x00007ffcb3d8b000 	C:\WINDOWS\SYSTEM32\Wldp.dll
0x00007ffcb55c0000 - 0x00007ffcb568d000 	C:\WINDOWS\System32\OLEAUT32.dll
0x00007ffcb69f0000 - 0x00007ffcb6a9d000 	C:\WINDOWS\System32\SHCORE.dll
0x00007ffcb6aa0000 - 0x00007ffcb6afb000 	C:\WINDOWS\System32\shlwapi.dll
0x00007ffcb42d0000 - 0x00007ffcb42f4000 	C:\WINDOWS\SYSTEM32\profapi.dll
0x00007ffc7bfc0000 - 0x00007ffc7bfd8000 	c:\Users\mr chou\.cursor\extensions\redhat.java-1.50.0-win32-x64\jre\21.0.9-win32-x86_64\bin\zip.dll
0x00007ffca9670000 - 0x00007ffca9680000 	C:\Users\mr chou\.cursor\extensions\redhat.java-1.50.0-win32-x64\jre\21.0.9-win32-x86_64\bin\net.dll
0x00007ffca7f90000 - 0x00007ffca809a000 	C:\WINDOWS\SYSTEM32\WINHTTP.dll
0x00007ffcb3ac0000 - 0x00007ffcb3b2a000 	C:\WINDOWS\system32\mswsock.dll
0x00007ffc7bd90000 - 0x00007ffc7bda6000 	C:\Users\mr chou\.cursor\extensions\redhat.java-1.50.0-win32-x64\jre\21.0.9-win32-x86_64\bin\nio.dll
0x00007ffc9dce0000 - 0x00007ffc9dcf0000 	c:\Users\mr chou\.cursor\extensions\redhat.java-1.50.0-win32-x64\jre\21.0.9-win32-x86_64\bin\verify.dll
0x00007ffc7bec0000 - 0x00007ffc7bf04000 	C:\Users\mr chou\AppData\Roaming\Cursor\User\globalStorage\redhat.java\1.50.0\config_win\org.eclipse.equinox.launcher\org.eclipse.equinox.launcher.win32.win32.x86_64_1.2.1400.v20250801-0854\eclipse_11916.dll
0x00007ffcb52b0000 - 0x00007ffcb53db000 	C:\WINDOWS\System32\ole32.dll
0x00007ffcb3cb0000 - 0x00007ffcb3cc8000 	C:\WINDOWS\SYSTEM32\CRYPTSP.dll
0x00007ffcb3370000 - 0x00007ffcb33a8000 	C:\WINDOWS\system32\rsaenh.dll
0x00007ffcb4290000 - 0x00007ffcb42be000 	C:\WINDOWS\SYSTEM32\USERENV.dll
0x00007ffcb3cd0000 - 0x00007ffcb3cdc000 	C:\WINDOWS\SYSTEM32\CRYPTBASE.dll
0x00007ffcb37a0000 - 0x00007ffcb37db000 	C:\WINDOWS\SYSTEM32\IPHLPAPI.DLL
0x00007ffcb50f0000 - 0x00007ffcb50f8000 	C:\WINDOWS\System32\NSI.dll
0x00007ffc7bff0000 - 0x00007ffc7c039000 	C:\Users\mr chou\AppData\Local\Temp\jna-1249982118\jna865081495469545006.dll
0x00007ffcb4e60000 - 0x00007ffcb4e68000 	C:\WINDOWS\System32\PSAPI.DLL
0x00007ffca6c50000 - 0x00007ffca6c67000 	C:\WINDOWS\SYSTEM32\dhcpcsvc6.DLL
0x00007ffca6d50000 - 0x00007ffca6d6d000 	C:\WINDOWS\SYSTEM32\dhcpcsvc.DLL

JVMTI agents:
c:\Users\mr chou\.cursor\extensions\redhat.java-1.50.0-win32-x64\lombok\lombok-1.18.39-4050.jar path:c:\Users\mr chou\.cursor\extensions\redhat.java-1.50.0-win32-x64\jre\21.0.9-win32-x86_64\bin\instrument.dll, loaded, initialized, instrumentlib options:none

dbghelp: loaded successfully - version: 4.0.5 - missing functions: none
symbol engine: initialized successfully - sym options: 0x614 - pdb path: .;c:\Users\mr chou\.cursor\extensions\redhat.java-1.50.0-win32-x64\jre\21.0.9-win32-x86_64\bin;C:\WINDOWS\SYSTEM32;C:\WINDOWS\WinSxS\amd64_microsoft.windows.common-controls_6595b64144ccf1df_6.0.19041.6456_none_60b8a6cb71f64256;c:\Users\mr chou\.cursor\extensions\redhat.java-1.50.0-win32-x64\jre\21.0.9-win32-x86_64\bin\server;C:\Users\mr chou\AppData\Roaming\Cursor\User\globalStorage\redhat.java\1.50.0\config_win\org.eclipse.equinox.launcher\org.eclipse.equinox.launcher.win32.win32.x86_64_1.2.1400.v20250801-0854;C:\Users\mr chou\AppData\Local\Temp\jna-1249982118

VM Arguments:
jvm_args: --add-modules=ALL-SYSTEM --add-opens=java.base/java.util=ALL-UNNAMED --add-opens=java.base/java.lang=ALL-UNNAMED --add-opens=java.base/sun.nio.fs=ALL-UNNAMED -Declipse.application=org.eclipse.jdt.ls.core.id1 -Dosgi.bundles.defaultStartLevel=4 -Declipse.product=org.eclipse.jdt.ls.core.product -Djava.import.generatesMetadataFilesAtProjectRoot=false -DDetectVMInstallationsJob.disabled=true -Dfile.encoding=utf8 -XX:+UseParallelGC -XX:GCTimeRatio=4 -XX:AdaptiveSizePolicyWeight=90 -Dsun.zip.disableMemoryMapping=true -Xmx2G -Xms100m -Xlog:disable -javaagent:c:\Users\mr chou\.cursor\extensions\redhat.java-1.50.0-win32-x64\lombok\lombok-1.18.39-4050.jar -XX:+HeapDumpOnOutOfMemoryError -XX:HeapDumpPath=c:\Users\mr chou\AppData\Roaming\Cursor\User\workspaceStorage\f03dff0f67f30d910e9c004cf14484c0\redhat.java -Daether.dependencyCollector.impl=bf 
java_command: c:\Users\mr chou\.cursor\extensions\redhat.java-1.50.0-win32-x64\server\plugins\org.eclipse.equinox.launcher_1.7.100.v20251111-0406.jar -configuration c:\Users\mr chou\AppData\Roaming\Cursor\User\globalStorage\redhat.java\1.50.0\config_win -data c:\Users\mr chou\AppData\Roaming\Cursor\User\workspaceStorage\f03dff0f67f30d910e9c004cf14484c0\redhat.java\jdt_ws --pipe=\\.\pipe\lsp-ea8d56247a0327f94e735af3a48f8295-sock
java_class_path (initial): c:\Users\mr chou\.cursor\extensions\redhat.java-1.50.0-win32-x64\server\plugins\org.eclipse.equinox.launcher_1.7.100.v20251111-0406.jar
Launcher Type: SUN_STANDARD

[Global flags]
    uintx AdaptiveSizePolicyWeight                 = 90                                        {product} {command line}
     intx CICompilerCount                          = 3                                         {product} {ergonomic}
    uintx GCTimeRatio                              = 4                                         {product} {command line}
     bool HeapDumpOnOutOfMemoryError               = true                                   {manageable} {command line}
    ccstr HeapDumpPath                             = c:\Users\mr chou\AppData\Roaming\Cursor\User\workspaceStorage\f03dff0f67f30d910e9c004cf14484c0\redhat.java         {manageable} {command line}
   size_t InitialHeapSize                          = 104857600                                 {product} {command line}
   size_t MaxHeapSize                              = 2147483648                                {product} {command line}
   size_t MaxNewSize                               = 715653120                                 {product} {ergonomic}
   size_t MinHeapDeltaBytes                        = 524288                                    {product} {ergonomic}
   size_t MinHeapSize                              = 104857600                                 {product} {command line}
   size_t NewSize                                  = 34603008                                  {product} {ergonomic}
    uintx NonNMethodCodeHeapSize                   = 5832780                                {pd product} {ergonomic}
    uintx NonProfiledCodeHeapSize                  = 122912730                              {pd product} {ergonomic}
   size_t OldSize                                  = 70254592                                  {product} {ergonomic}
    uintx ProfiledCodeHeapSize                     = 122912730                              {pd product} {ergonomic}
    uintx ReservedCodeCacheSize                    = 251658240                              {pd product} {ergonomic}
     bool SegmentedCodeCache                       = true                                      {product} {ergonomic}
   size_t SoftMaxHeapSize                          = 2147483648                             {manageable} {ergonomic}
     bool UseCompressedOops                        = true                           {product lp64_product} {ergonomic}
     bool UseLargePagesIndividualAllocation        = false                                  {pd product} {ergonomic}
     bool UseParallelGC                            = true                                      {product} {command line}

Logging:
Log output configuration:
 #0: stdout all=off uptime,level,tags foldmultilines=false
 #1: stderr all=off uptime,level,tags foldmultilines=false

Release file:
JAVA_VERSION="21.0.9" 
MODULES="java.base java.compiler java.datatransfer java.xml java.prefs java.desktop java.instrument java.logging java.management java.security.sasl java.naming java.rmi java.management.rmi java.net.http java.scripting java.security.jgss java.transaction.xa java.sql java.sql.rowset java.xml.crypto java.se java.smartcardio jdk.accessibility jdk.internal.jvmstat jdk.attach jdk.charsets jdk.internal.opt jdk.zipfs jdk.compiler jdk.crypto.ec jdk.crypto.cryptoki jdk.crypto.mscapi jdk.dynalink jdk.internal.ed jdk.editpad jdk.hotspot.agent jdk.httpserver jdk.internal.le jdk.internal.vm.ci jdk.internal.vm.compiler jdk.internal.vm.compiler.management jdk.jartool jdk.javadoc jdk.jcmd jdk.management jdk.management.agent jdk.jconsole jdk.jdeps jdk.jdwp.agent jdk.jdi jdk.jfr jdk.jshell jdk.jsobject jdk.jstatd jdk.localedata jdk.management.jfr jdk.naming.dns jdk.naming.rmi jdk.net jdk.nio.mapmode jdk.random jdk.sctp jdk.security.auth jdk.security.jgss jdk.unsupported jdk.unsupported.desktop jdk.xml.dom" 

Environment Variables:
PATH=C:\Program Files\apache\apache-maven-3.9.11\bin;C:\Program Files\Common Files\Oracle\Java\javapath;C:\app\mr_chou\product\18.0.0\dbhomeXE\bin;C:\WINDOWS\system32;C:\WINDOWS;C:\WINDOWS\System32\Wbem;C:\WINDOWS\System32\WindowsPowerShell\v1.0\;C:\WINDOWS\System32\OpenSSH\;C:\Program Files\Git\cmd;C:\Program Files\cursor\resources\app\bin;C:\Program Files\MySQL\MySQL Server 8.0\bin;C:\Users\mr chou\AppData\Local\Programs\Python\Python314\Scripts\;C:\Users\mr chou\AppData\Local\Programs\Python\Python314\;C:\Users\mr chou\AppData\Local\Programs\Python\Launcher\;C:\Users\mr chou\AppData\Local\Microsoft\WindowsApps;C:\Users\mr chou\AppData\Local\Programs\Microsoft VS Code\bin;C:\Users\mr chou\AppData\Local\Programs\Windsurf\bin;C:\Program Files\apache\apache-maven-3.9.11\bin;
USERNAME=mr chou
OS=Windows_NT
PROCESSOR_IDENTIFIER=Intel64 Family 6 Model 78 Stepping 3, GenuineIntel
TMP=C:\Users\MRCHOU~1\AppData\Local\Temp
TEMP=C:\Users\MRCHOU~1\AppData\Local\Temp




Periodic native trim disabled

---------------  S Y S T E M  ---------------

OS:
 Windows 10 , 64 bit Build 19041 (10.0.19041.5915)
OS uptime: 1 days 8:43 hours

CPU: total 4 (initial active 4) (2 cores per cpu, 2 threads per core) family 6 model 78 stepping 3 microcode 0xf0, cx8, cmov, fxsr, ht, mmx, 3dnowpref, sse, sse2, sse3, ssse3, sse4.1, sse4.2, popcnt, lzcnt, tsc, tscinvbit, avx, avx2, aes, erms, clmul, bmi1, bmi2, rtm, adx, fma, vzeroupper, clflush, clflushopt, rdtscp, f16c
Processor Information for the first 4 processors :
  Max Mhz: 2496, Current Mhz: 2396, Mhz Limit: 2396

Memory: 4k page, system-wide physical 16229M (6967M free)
TotalPageFile size 18661M (AvailPageFile size 5698M)
current process WorkingSet (physical memory assigned to process): 729M, peak: 732M
current process commit charge ("private bytes"): 678M, peak: 685M

vm_info: OpenJDK 64-Bit Server VM (21.0.9+10-LTS) for windows-amd64 JRE (21.0.9+10-LTS), built on 2025-10-21T00:00:00Z by "admin" with unknown MS VC++:1942

END.
